# JRE version: Java(TM) SE Runtime Environment (8.0_11-b12) (build 1.8.0_11-b12)
# Java VM: Java HotSpot(TM) 64-Bit Server VM (25.11-b03 mixed mode windows-amd64 compressed oops)
Heap:
 PSYoungGen      total 69120K, used 16606K [0x000000076ab00000, 0x0000000770e00000, 0x00000007c0000000)
  eden space 59904K, 25% used [0x000000076ab00000,0x000000076b9ca570,0x000000076e580000)
  from space 9216K, 15% used [0x000000076e580000,0x000000076e6ed4c8,0x000000076ee80000)
  to   space 8704K, 0% used [0x0000000770580000,0x0000000770580000,0x0000000770e00000)
 ParOldGen       total 64000K, used 44871K [0x00000006c0000000, 0x00000006c3e80000, 0x000000076ab00000)
  object space 64000K, 70% used [0x00000006c0000000,0x00000006c2bd1f50,0x00000006c3e80000)
 Metaspace       used 11097K, capacity 11228K, committed 11392K, reserved 1058816K
  class space    used 1257K, capacity 1310K, committed 1408K, reserved 1048576K
GC Heap History (10 events):
Event: 3.158 GC heap before
{Heap before GC invocations=19 (full 0):
 PSYoungGen      total 40448K, used 30793K [0x000000076ab00000, 0x000000076dc80000, 0x00000007c0000000)
  eden space 30208K, 100% used [0x000000076ab00000,0x000000076c880000,0x000000076c880000)
  from space 10240K, 5% used [0x000000076d280000,0x000000076d312650,0x000000076dc80000)
  to   space 10240K, 0% used [0x000000076c880000,0x000000076c880000,0x000000076d280000)
 ParOldGen       total 64000K, used 44067K [0x00000006c0000000, 0x00000006c3e80000, 0x000000076ab00000)
  object space 64000K, 68% used [0x00000006c0000000,0x00000006c2b08d38,0x00000006c3e80000)
 Metaspace       used 10810K, capacity 10936K, committed 11008K, reserved 1058816K
  class space    used 1239K, capacity 1278K, committed 1280K, reserved 1048576K
Event: 3.161 GC heap after
Heap after GC invocations=19 (full 0):
 PSYoungGen      total 40448K, used 244K [0x000000076ab00000, 0x000000076e880000, 0x00000007c0000000)
  eden space 30208K, 0% used [0x000000076ab00000,0x000000076ab00000,0x000000076c880000)
  from space 10240K, 2% used [0x000000076c880000,0x000000076c8bd190,0x000000076d280000)
  to   space 10240K, 0% used [0x000000076de80000,0x000000076de80000,0x000000076e880000)
 ParOldGen       total 64000K, used 44383K [0x00000006c0000000, 0x00000006c3e80000, 0x000000076ab00000)
  object space 64000K, 69% used [0x00000006c0000000,0x00000006c2b57ec8,0x00000006c3e80000)
 Metaspace       used 10810K, capacity 10936K, committed 11008K, reserved 1058816K
  class space    used 1239K, capacity 1278K, committed 1280K, reserved 1048576K
}
Event: 3.281 GC heap before
{Heap before GC invocations=20 (full 0):
 PSYoungGen      total 40448K, used 30452K [0x000000076ab00000, 0x000000076e880000, 0x00000007c0000000)
  eden space 30208K, 100% used [0x000000076ab00000,0x000000076c880000,0x000000076c880000)
  from space 10240K, 2% used [0x000000076c880000,0x000000076c8bd190,0x000000076d280000)
  to   space 10240K, 0% used [0x000000076de80000,0x000000076de80000,0x000000076e880000)
 ParOldGen       total 64000K, used 44383K [0x00000006c0000000, 0x00000006c3e80000, 0x000000076ab00000)
  object space 64000K, 69% used [0x00000006c0000000,0x00000006c2b57ec8,0x00000006c3e80000)
 Metaspace       used 10860K, capacity 11000K, committed 11264K, reserved 1058816K
  class space    used 1240K, capacity 1278K, committed 1280K, reserved 1048576K
Event: 3.282 GC heap after
Heap after GC invocations=20 (full 0):
 PSYoungGen      total 51712K, used 207K [0x000000076ab00000, 0x000000076e780000, 0x00000007c0000000)
  eden space 42496K, 0% used [0x000000076ab00000,0x000000076ab00000,0x000000076d480000)
  from space 9216K, 2% used [0x000000076de80000,0x000000076deb3d40,0x000000076e780000)
  to   space 9728K, 0% used [0x000000076d480000,0x000000076d480000,0x000000076de00000)
 ParOldGen       total 64000K, used 44452K [0x00000006c0000000, 0x00000006c3e80000, 0x000000076ab00000)
  object space 64000K, 69% used [0x00000006c0000000,0x00000006c2b69058,0x00000006c3e80000)
 Metaspace       used 10860K, capacity 11000K, committed 11264K, reserved 1058816K
  class space    used 1240K, capacity 1278K, committed 1280K, reserved 1048576K
}
Event: 3.588 GC heap before
{Heap before GC invocations=21 (full 0):
 PSYoungGen      total 51712K, used 42703K [0x000000076ab00000, 0x000000076e780000, 0x00000007c0000000)
  eden space 42496K, 100% used [0x000000076ab00000,0x000000076d480000,0x000000076d480000)
  from space 9216K, 2% used [0x000000076de80000,0x000000076deb3d40,0x000000076e780000)
  to   space 9728K, 0% used [0x000000076d480000,0x000000076d480000,0x000000076de00000)
 ParOldGen       total 64000K, used 44452K [0x00000006c0000000, 0x00000006c3e80000, 0x000000076ab00000)
  object space 64000K, 69% used [0x00000006c0000000,0x00000006c2b69058,0x00000006c3e80000)
 Metaspace       used 11038K, capacity 11160K, committed 11392K, reserved 1058816K
  class space    used 1257K, capacity 1310K, committed 1408K, reserved 1048576K
Event: 3.591 GC heap after
Heap after GC invocations=21 (full 0):
 PSYoungGen      total 52224K, used 659K [0x000000076ab00000, 0x000000076f880000, 0x00000007c0000000)
  eden space 42496K, 0% used [0x000000076ab00000,0x000000076ab00000,0x000000076d480000)
  from space 9728K, 6% used [0x000000076d480000,0x000000076d524f78,0x000000076de00000)
  to   space 9728K, 0% used [0x000000076ef00000,0x000000076ef00000,0x000000076f880000)
 ParOldGen       total 64000K, used 44547K [0x00000006c0000000, 0x00000006c3e80000, 0x000000076ab00000)
  object space 64000K, 69% used [0x00000006c0000000,0x00000006c2b80d98,0x00000006c3e80000)
 Metaspace       used 11038K, capacity 11160K, committed 11392K, reserved 1058816K
  class space    used 1257K, capacity 1310K, committed 1408K, reserved 1048576K
}
Event: 3.780 GC heap before
{Heap before GC invocations=22 (full 0):
 PSYoungGen      total 52224K, used 43155K [0x000000076ab00000, 0x000000076f880000, 0x00000007c0000000)
  eden space 42496K, 100% used [0x000000076ab00000,0x000000076d480000,0x000000076d480000)
  from space 9728K, 6% used [0x000000076d480000,0x000000076d524f78,0x000000076de00000)
  to   space 9728K, 0% used [0x000000076ef00000,0x000000076ef00000,0x000000076f880000)
 ParOldGen       total 64000K, used 44547K [0x00000006c0000000, 0x00000006c3e80000, 0x000000076ab00000)
  object space 64000K, 69% used [0x00000006c0000000,0x00000006c2b80d98,0x00000006c3e80000)
 Metaspace       used 11066K, capacity 11164K, committed 11392K, reserved 1058816K
  class space    used 1257K, capacity 1310K, committed 1408K, reserved 1048576K
Event: 3.783 GC heap after
Heap after GC invocations=22 (full 0):
 PSYoungGen      total 68608K, used 323K [0x000000076ab00000, 0x000000076f780000, 0x00000007c0000000)
  eden space 59904K, 0% used [0x000000076ab00000,0x000000076ab00000,0x000000076e580000)
  from space 8704K, 3% used [0x000000076ef00000,0x000000076ef50f18,0x000000076f780000)
  to   space 9216K, 0% used [0x000000076e580000,0x000000076e580000,0x000000076ee80000)
 ParOldGen       total 64000K, used 44788K [0x00000006c0000000, 0x00000006c3e80000, 0x000000076ab00000)
  object space 64000K, 69% used [0x00000006c0000000,0x00000006c2bbd038,0x00000006c3e80000)
 Metaspace       used 11066K, capacity 11164K, committed 11392K, reserved 1058816K
  class space    used 1257K, capacity 1310K, committed 1408K, reserved 1048576K
}
Event: 4.049 GC heap before
{Heap before GC invocations=23 (full 0):
 PSYoungGen      total 68608K, used 60227K [0x000000076ab00000, 0x000000076f780000, 0x00000007c0000000)
  eden space 59904K, 100% used [0x000000076ab00000,0x000000076e580000,0x000000076e580000)
  from space 8704K, 3% used [0x000000076ef00000,0x000000076ef50f18,0x000000076f780000)
  to   space 9216K, 0% used [0x000000076e580000,0x000000076e580000,0x000000076ee80000)
 ParOldGen       total 64000K, used 44788K [0x00000006c0000000, 0x00000006c3e80000, 0x000000076ab00000)
  object space 64000K, 69% used [0x00000006c0000000,0x00000006c2bbd038,0x00000006c3e80000)
 Metaspace       used 11095K, capacity 11228K, committed 11392K, reserved 1058816K
  class space    used 1257K, capacity 1310K, committed 1408K, reserved 1048576K
Event: 4.054 GC heap after
Heap after GC invocations=23 (full 0):
 PSYoungGen      total 69120K, used 1461K [0x000000076ab00000, 0x0000000770e00000, 0x00000007c0000000)
  eden space 59904K, 0% used [0x000000076ab00000,0x000000076ab00000,0x000000076e580000)
  from space 9216K, 15% used [0x000000076e580000,0x000000076e6ed4c8,0x000000076ee80000)
  to   space 8704K, 0% used [0x0000000770580000,0x0000000770580000,0x0000000770e00000)
 ParOldGen       total 64000K, used 44871K [0x00000006c0000000, 0x00000006c3e80000, 0x000000076ab00000)
  object space 64000K, 70% used [0x00000006c0000000,0x00000006c2bd1f50,0x00000006c3e80000)
 Metaspace       used 11095K, capacity 11228K, committed 11392K, reserved 1058816K
  class space    used 1257K, capacity 1310K, committed 1408K, reserved 1048576K
}

