# JRE version: Java(TM) SE Runtime Environment (8.0_11-b12) (build 1.8.0_11-b12)
# Java VM: Java HotSpot(TM) 64-Bit Server VM (25.11-b03 mixed mode windows-amd64 compressed oops)
Heap:
 PSYoungGen      total 27136K, used 24131K [0x00000000d6580000, 0x00000000da200000, 0x0000000100000000)
  eden space 19968K, 87% used [0x00000000d6580000,0x00000000d7677d70,0x00000000d7900000)
  from space 7168K, 94% used [0x00000000d7a00000,0x00000000d8098ff8,0x00000000d8100000)
  to   space 20992K, 0% used [0x00000000d8d80000,0x00000000d8d80000,0x00000000da200000)
 ParOldGen       total 522752K, used 167672K [0x0000000083000000, 0x00000000a2e80000, 0x00000000d6580000)
  object space 522752K, 32% used [0x0000000083000000,0x000000008d3be278,0x00000000a2e80000)
 Metaspace       used 9082K, capacity 9200K, committed 9216K, reserved 1056768K
  class space    used 979K, capacity 1022K, committed 1024K, reserved 1048576K
GC Heap History (10 events):
Event: 684.873 GC heap before
{Heap before GC invocations=1385 (full 0):
 PSYoungGen      total 40448K, used 20585K [0x00000000d6580000, 0x00000000da400000, 0x0000000100000000)
  eden space 19968K, 100% used [0x00000000d6580000,0x00000000d7900000,0x00000000d7900000)
  from space 20480K, 3% used [0x00000000d9000000,0x00000000d909a5f8,0x00000000da400000)
  to   space 22016K, 0% used [0x00000000d7900000,0x00000000d7900000,0x00000000d8e80000)
 ParOldGen       total 522752K, used 167584K [0x0000000083000000, 0x00000000a2e80000, 0x00000000d6580000)
  object space 522752K, 32% used [0x0000000083000000,0x000000008d3a8278,0x00000000a2e80000)
 Metaspace       used 8754K, capacity 8848K, committed 8960K, reserved 1056768K
  class space    used 943K, capacity 990K, committed 1024K, reserved 1048576K
Event: 684.875 GC heap after
Heap after GC invocations=1385 (full 0):
 PSYoungGen      total 19968K, used 128K [0x00000000d6580000, 0x00000000da280000, 0x0000000100000000)
  eden space 19456K, 0% used [0x00000000d6580000,0x00000000d6580000,0x00000000d7880000)
  from space 512K, 25% used [0x00000000d7900000,0x00000000d7920000,0x00000000d7980000)
  to   space 21504K, 0% used [0x00000000d8d80000,0x00000000d8d80000,0x00000000da280000)
 ParOldGen       total 522752K, used 167600K [0x0000000083000000, 0x00000000a2e80000, 0x00000000d6580000)
  object space 522752K, 32% used [0x0000000083000000,0x000000008d3ac278,0x00000000a2e80000)
 Metaspace       used 8754K, capacity 8848K, committed 8960K, reserved 1056768K
  class space    used 943K, capacity 990K, committed 1024K, reserved 1048576K
}
Event: 685.274 GC heap before
{Heap before GC invocations=1386 (full 0):
 PSYoungGen      total 19968K, used 19186K [0x00000000d6580000, 0x00000000da280000, 0x0000000100000000)
  eden space 19456K, 97% used [0x00000000d6580000,0x00000000d781c988,0x00000000d7880000)
  from space 512K, 25% used [0x00000000d7900000,0x00000000d7920000,0x00000000d7980000)
  to   space 21504K, 0% used [0x00000000d8d80000,0x00000000d8d80000,0x00000000da280000)
 ParOldGen       total 522752K, used 167600K [0x0000000083000000, 0x00000000a2e80000, 0x00000000d6580000)
  object space 522752K, 32% used [0x0000000083000000,0x000000008d3ac278,0x00000000a2e80000)
 Metaspace       used 8754K, capacity 8848K, committed 8960K, reserved 1056768K
  class space    used 943K, capacity 990K, committed 1024K, reserved 1048576K
Event: 685.281 GC heap after
Heap after GC invocations=1386 (full 0):
 PSYoungGen      total 38912K, used 15954K [0x00000000d6580000, 0x00000000da600000, 0x0000000100000000)
  eden space 17408K, 0% used [0x00000000d6580000,0x00000000d6580000,0x00000000d7680000)
  from space 21504K, 74% used [0x00000000d8d80000,0x00000000d9d14998,0x00000000da280000)
  to   space 23552K, 0% used [0x00000000d7680000,0x00000000d7680000,0x00000000d8d80000)
 ParOldGen       total 522752K, used 167624K [0x0000000083000000, 0x00000000a2e80000, 0x00000000d6580000)
  object space 522752K, 32% used [0x0000000083000000,0x000000008d3b2278,0x00000000a2e80000)
 Metaspace       used 8754K, capacity 8848K, committed 8960K, reserved 1056768K
  class space    used 943K, capacity 990K, committed 1024K, reserved 1048576K
}
Event: 685.553 GC heap before
{Heap before GC invocations=1387 (full 0):
 PSYoungGen      total 38912K, used 32625K [0x00000000d6580000, 0x00000000da600000, 0x0000000100000000)
  eden space 17408K, 95% used [0x00000000d6580000,0x00000000d75c7aa0,0x00000000d7680000)
  from space 21504K, 74% used [0x00000000d8d80000,0x00000000d9d14998,0x00000000da280000)
  to   space 23552K, 0% used [0x00000000d7680000,0x00000000d7680000,0x00000000d8d80000)
 ParOldGen       total 522752K, used 167624K [0x0000000083000000, 0x00000000a2e80000, 0x00000000d6580000)
  object space 522752K, 32% used [0x0000000083000000,0x000000008d3b2278,0x00000000a2e80000)
 Metaspace       used 8754K, capacity 8848K, committed 8960K, reserved 1056768K
  class space    used 943K, capacity 990K, committed 1024K, reserved 1048576K
Event: 685.559 GC heap after
Heap after GC invocations=1387 (full 0):
 PSYoungGen      total 40960K, used 11711K [0x00000000d6580000, 0x00000000da900000, 0x0000000100000000)
  eden space 17408K, 0% used [0x00000000d6580000,0x00000000d6580000,0x00000000d7680000)
  from space 23552K, 49% used [0x00000000d7680000,0x00000000d81eff98,0x00000000d8d80000)
  to   space 24064K, 0% used [0x00000000d9180000,0x00000000d9180000,0x00000000da900000)
 ParOldGen       total 522752K, used 167648K [0x0000000083000000, 0x00000000a2e80000, 0x00000000d6580000)
  object space 522752K, 32% used [0x0000000083000000,0x000000008d3b8278,0x00000000a2e80000)
 Metaspace       used 8754K, capacity 8848K, committed 8960K, reserved 1056768K
  class space    used 943K, capacity 990K, committed 1024K, reserved 1048576K
}
Event: 685.981 GC heap before
{Heap before GC invocations=1388 (full 0):
 PSYoungGen      total 40960K, used 28060K [0x00000000d6580000, 0x00000000da900000, 0x0000000100000000)
  eden space 17408K, 93% used [0x00000000d6580000,0x00000000d7577170,0x00000000d7680000)
  from space 23552K, 49% used [0x00000000d7680000,0x00000000d81eff98,0x00000000d8d80000)
  to   space 24064K, 0% used [0x00000000d9180000,0x00000000d9180000,0x00000000da900000)
 ParOldGen       total 522752K, used 167648K [0x0000000083000000, 0x00000000a2e80000, 0x00000000d6580000)
  object space 522752K, 32% used [0x0000000083000000,0x000000008d3b8278,0x00000000a2e80000)
 Metaspace       used 8754K, capacity 8848K, committed 8960K, reserved 1056768K
  class space    used 943K, capacity 990K, committed 1024K, reserved 1048576K
Event: 685.985 GC heap after
Heap after GC invocations=1388 (full 0):
 PSYoungGen      total 41984K, used 6670K [0x00000000d6580000, 0x00000000da600000, 0x0000000100000000)
  eden space 20992K, 0% used [0x00000000d6580000,0x00000000d6580000,0x00000000d7a00000)
  from space 20992K, 31% used [0x00000000d9180000,0x00000000d9803830,0x00000000da600000)
  to   space 22528K, 0% used [0x00000000d7a00000,0x00000000d7a00000,0x00000000d9000000)
 ParOldGen       total 522752K, used 167664K [0x0000000083000000, 0x00000000a2e80000, 0x00000000d6580000)
  object space 522752K, 32% used [0x0000000083000000,0x000000008d3bc278,0x00000000a2e80000)
 Metaspace       used 8754K, capacity 8848K, committed 8960K, reserved 1056768K
  class space    used 943K, capacity 990K, committed 1024K, reserved 1048576K
}
Event: 686.470 GC heap before
{Heap before GC invocations=1389 (full 0):
 PSYoungGen      total 41984K, used 27662K [0x00000000d6580000, 0x00000000da600000, 0x0000000100000000)
  eden space 20992K, 100% used [0x00000000d6580000,0x00000000d7a00000,0x00000000d7a00000)
  from space 20992K, 31% used [0x00000000d9180000,0x00000000d9803830,0x00000000da600000)
  to   space 22528K, 0% used [0x00000000d7a00000,0x00000000d7a00000,0x00000000d9000000)
 ParOldGen       total 522752K, used 167664K [0x0000000083000000, 0x00000000a2e80000, 0x00000000d6580000)
  object space 522752K, 32% used [0x0000000083000000,0x000000008d3bc278,0x00000000a2e80000)
 Metaspace       used 9019K, capacity 9136K, committed 9216K, reserved 1056768K
  class space    used 974K, capacity 1022K, committed 1024K, reserved 1048576K
Event: 686.473 GC heap after
Heap after GC invocations=1389 (full 0):
 PSYoungGen      total 27136K, used 6755K [0x00000000d6580000, 0x00000000da200000, 0x0000000100000000)
  eden space 19968K, 0% used [0x00000000d6580000,0x00000000d6580000,0x00000000d7900000)
  from space 7168K, 94% used [0x00000000d7a00000,0x00000000d8098ff8,0x00000000d8100000)
  to   space 20992K, 0% used [0x00000000d8d80000,0x00000000d8d80000,0x00000000da200000)
 ParOldGen       total 522752K, used 167672K [0x0000000083000000, 0x00000000a2e80000, 0x00000000d6580000)
  object space 522752K, 32% used [0x0000000083000000,0x000000008d3be278,0x00000000a2e80000)
 Metaspace       used 9019K, capacity 9136K, committed 9216K, reserved 1056768K
  class space    used 974K, capacity 1022K, committed 1024K, reserved 1048576K
}

