# JRE version: Java(TM) SE Runtime Environment (8.0_11-b12) (build 1.8.0_11-b12)
# Java VM: Java HotSpot(TM) 64-Bit Server VM (25.11-b03 mixed mode windows-amd64 compressed oops)
Heap:
 PSYoungGen      total 52736K, used 11191K [0x00000000d6580000, 0x00000000dae80000, 0x0000000100000000)
  eden space 33792K, 29% used [0x00000000d6580000,0x00000000d6f61430,0x00000000d8680000)
  from space 18944K, 5% used [0x00000000d9c00000,0x00000000d9d0c8d8,0x00000000dae80000)
  to   space 20480K, 0% used [0x00000000d8680000,0x00000000d8680000,0x00000000d9a80000)
 ParOldGen       total 522752K, used 269206K [0x0000000083000000, 0x00000000a2e80000, 0x00000000d6580000)
  object space 522752K, 51% used [0x0000000083000000,0x00000000936e5920,0x00000000a2e80000)
 Metaspace       used 9078K, capacity 9200K, committed 9216K, reserved 1056768K
  class space    used 979K, capacity 1022K, committed 1024K, reserved 1048576K
GC Heap History (10 events):
Event: 1256.920 GC heap before
{Heap before GC invocations=2071 (full 0):
 PSYoungGen      total 62464K, used 52690K [0x00000000d6580000, 0x00000000dba80000, 0x0000000100000000)
  eden space 44032K, 99% used [0x00000000d6580000,0x00000000d9047aa8,0x00000000d9080000)
  from space 18432K, 48% used [0x00000000da880000,0x00000000db12d048,0x00000000dba80000)
  to   space 21504K, 0% used [0x00000000d9080000,0x00000000d9080000,0x00000000da580000)
 ParOldGen       total 522752K, used 269102K [0x0000000083000000, 0x00000000a2e80000, 0x00000000d6580000)
  object space 522752K, 51% used [0x0000000083000000,0x00000000936cb920,0x00000000a2e80000)
 Metaspace       used 8751K, capacity 8848K, committed 8960K, reserved 1056768K
  class space    used 943K, capacity 990K, committed 1024K, reserved 1048576K
Event: 1256.924 GC heap after
Heap after GC invocations=2071 (full 0):
 PSYoungGen      total 51200K, used 9187K [0x00000000d6580000, 0x00000000db580000, 0x0000000100000000)
  eden space 41984K, 0% used [0x00000000d6580000,0x00000000d6580000,0x00000000d8e80000)
  from space 9216K, 99% used [0x00000000d9080000,0x00000000d9978d10,0x00000000d9980000)
  to   space 19968K, 0% used [0x00000000da200000,0x00000000da200000,0x00000000db580000)
 ParOldGen       total 522752K, used 269118K [0x0000000083000000, 0x00000000a2e80000, 0x00000000d6580000)
  object space 522752K, 51% used [0x0000000083000000,0x00000000936cf920,0x00000000a2e80000)
 Metaspace       used 8751K, capacity 8848K, committed 8960K, reserved 1056768K
  class space    used 943K, capacity 990K, committed 1024K, reserved 1048576K
}
Event: 1257.965 GC heap before
{Heap before GC invocations=2072 (full 0):
 PSYoungGen      total 51200K, used 51171K [0x00000000d6580000, 0x00000000db580000, 0x0000000100000000)
  eden space 41984K, 100% used [0x00000000d6580000,0x00000000d8e80000,0x00000000d8e80000)
  from space 9216K, 99% used [0x00000000d9080000,0x00000000d9978d10,0x00000000d9980000)
  to   space 19968K, 0% used [0x00000000da200000,0x00000000da200000,0x00000000db580000)
 ParOldGen       total 522752K, used 269118K [0x0000000083000000, 0x00000000a2e80000, 0x00000000d6580000)
  object space 522752K, 51% used [0x0000000083000000,0x00000000936cf920,0x00000000a2e80000)
 Metaspace       used 8751K, capacity 8848K, committed 8960K, reserved 1056768K
  class space    used 943K, capacity 990K, committed 1024K, reserved 1048576K
Event: 1257.969 GC heap after
Heap after GC invocations=2072 (full 0):
 PSYoungGen      total 56832K, used 8361K [0x00000000d6580000, 0x00000000db280000, 0x0000000100000000)
  eden space 39936K, 0% used [0x00000000d6580000,0x00000000d6580000,0x00000000d8c80000)
  from space 16896K, 49% used [0x00000000da200000,0x00000000daa2a760,0x00000000db280000)
  to   space 19456K, 0% used [0x00000000d8c80000,0x00000000d8c80000,0x00000000d9f80000)
 ParOldGen       total 522752K, used 269134K [0x0000000083000000, 0x00000000a2e80000, 0x00000000d6580000)
  object space 522752K, 51% used [0x0000000083000000,0x00000000936d3920,0x00000000a2e80000)
 Metaspace       used 8751K, capacity 8848K, committed 8960K, reserved 1056768K
  class space    used 943K, capacity 990K, committed 1024K, reserved 1048576K
}
Event: 1259.018 GC heap before
{Heap before GC invocations=2073 (full 0):
 PSYoungGen      total 56832K, used 47521K [0x00000000d6580000, 0x00000000db280000, 0x0000000100000000)
  eden space 39936K, 98% used [0x00000000d6580000,0x00000000d8bbdcb0,0x00000000d8c80000)
  from space 16896K, 49% used [0x00000000da200000,0x00000000daa2a760,0x00000000db280000)
  to   space 19456K, 0% used [0x00000000d8c80000,0x00000000d8c80000,0x00000000d9f80000)
 ParOldGen       total 522752K, used 269134K [0x0000000083000000, 0x00000000a2e80000, 0x00000000d6580000)
  object space 522752K, 51% used [0x0000000083000000,0x00000000936d3920,0x00000000a2e80000)
 Metaspace       used 8751K, capacity 8848K, committed 8960K, reserved 1056768K
  class space    used 943K, capacity 990K, committed 1024K, reserved 1048576K
Event: 1259.021 GC heap after
Heap after GC invocations=2073 (full 0):
 PSYoungGen      total 43520K, used 4674K [0x00000000d6580000, 0x00000000db000000, 0x0000000100000000)
  eden space 38400K, 0% used [0x00000000d6580000,0x00000000d6580000,0x00000000d8b00000)
  from space 5120K, 91% used [0x00000000d8c80000,0x00000000d9110aa8,0x00000000d9180000)
  to   space 18944K, 0% used [0x00000000d9d80000,0x00000000d9d80000,0x00000000db000000)
 ParOldGen       total 522752K, used 269150K [0x0000000083000000, 0x00000000a2e80000, 0x00000000d6580000)
  object space 522752K, 51% used [0x0000000083000000,0x00000000936d7920,0x00000000a2e80000)
 Metaspace       used 8751K, capacity 8848K, committed 8960K, reserved 1056768K
  class space    used 943K, capacity 990K, committed 1024K, reserved 1048576K
}
Event: 1259.881 GC heap before
{Heap before GC invocations=2074 (full 0):
 PSYoungGen      total 43520K, used 42879K [0x00000000d6580000, 0x00000000db000000, 0x0000000100000000)
  eden space 38400K, 99% used [0x00000000d6580000,0x00000000d8acf358,0x00000000d8b00000)
  from space 5120K, 91% used [0x00000000d8c80000,0x00000000d9110aa8,0x00000000d9180000)
  to   space 18944K, 0% used [0x00000000d9d80000,0x00000000d9d80000,0x00000000db000000)
 ParOldGen       total 522752K, used 269150K [0x0000000083000000, 0x00000000a2e80000, 0x00000000d6580000)
  object space 522752K, 51% used [0x0000000083000000,0x00000000936d7920,0x00000000a2e80000)
 Metaspace       used 8751K, capacity 8848K, committed 8960K, reserved 1056768K
  class space    used 943K, capacity 990K, committed 1024K, reserved 1048576K
Event: 1259.882 GC heap after
Heap after GC invocations=2074 (full 0):
 PSYoungGen      total 55296K, used 1074K [0x00000000d6580000, 0x00000000daf80000, 0x0000000100000000)
  eden space 36864K, 0% used [0x00000000d6580000,0x00000000d6580000,0x00000000d8980000)
  from space 18432K, 5% used [0x00000000d9d80000,0x00000000d9e8c8d8,0x00000000daf80000)
  to   space 19456K, 0% used [0x00000000d8980000,0x00000000d8980000,0x00000000d9c80000)
 ParOldGen       total 522752K, used 269166K [0x0000000083000000, 0x00000000a2e80000, 0x00000000d6580000)
  object space 522752K, 51% used [0x0000000083000000,0x00000000936db920,0x00000000a2e80000)
 Metaspace       used 8751K, capacity 8848K, committed 8960K, reserved 1056768K
  class space    used 943K, capacity 990K, committed 1024K, reserved 1048576K
}
Event: 1260.635 GC heap before
{Heap before GC invocations=2075 (full 0):
 PSYoungGen      total 55296K, used 36493K [0x00000000d6580000, 0x00000000daf80000, 0x0000000100000000)
  eden space 36864K, 96% used [0x00000000d6580000,0x00000000d8816d40,0x00000000d8980000)
  from space 18432K, 5% used [0x00000000d9d80000,0x00000000d9e8c8d8,0x00000000daf80000)
  to   space 19456K, 0% used [0x00000000d8980000,0x00000000d8980000,0x00000000d9c80000)
 ParOldGen       total 522752K, used 269166K [0x0000000083000000, 0x00000000a2e80000, 0x00000000d6580000)
  object space 522752K, 51% used [0x0000000083000000,0x00000000936db920,0x00000000a2e80000)
 Metaspace       used 8751K, capacity 8848K, committed 8960K, reserved 1056768K
  class space    used 943K, capacity 990K, committed 1024K, reserved 1048576K
Event: 1260.640 GC heap after
Heap after GC invocations=2075 (full 0):
 PSYoungGen      total 49152K, used 13682K [0x00000000d6580000, 0x00000000db000000, 0x0000000100000000)
  eden space 35328K, 0% used [0x00000000d6580000,0x00000000d6580000,0x00000000d8800000)
  from space 13824K, 98% used [0x00000000d8980000,0x00000000d96dca50,0x00000000d9700000)
  to   space 20480K, 0% used [0x00000000d9c00000,0x00000000d9c00000,0x00000000db000000)
 ParOldGen       total 522752K, used 269182K [0x0000000083000000, 0x00000000a2e80000, 0x00000000d6580000)
  object space 522752K, 51% used [0x0000000083000000,0x00000000936df920,0x00000000a2e80000)
 Metaspace       used 8751K, capacity 8848K, committed 8960K, reserved 1056768K
  class space    used 943K, capacity 990K, committed 1024K, reserved 1048576K
}

