# JRE version: Java(TM) SE Runtime Environment (8.0_11-b12) (build 1.8.0_11-b12)
# Java VM: Java HotSpot(TM) 64-Bit Server VM (25.11-b03 mixed mode windows-amd64 compressed oops)
Heap:
 PSYoungGen      total 128512K, used 78781K [0x000000076ab00000, 0x0000000774200000, 0x00000007c0000000)
  eden space 105472K, 65% used [0x000000076ab00000,0x000000076ee0bc88,0x0000000771200000)
  from space 23040K, 43% used [0x0000000772b80000,0x0000000773563970,0x0000000774200000)
  to   space 24576K, 0% used [0x0000000771200000,0x0000000771200000,0x0000000772a00000)
 ParOldGen       total 56320K, used 41207K [0x00000006c0000000, 0x00000006c3700000, 0x000000076ab00000)
  object space 56320K, 73% used [0x00000006c0000000,0x00000006c283dc98,0x00000006c3700000)
 Metaspace       used 11251K, capacity 11360K, committed 11648K, reserved 1058816K
  class space    used 1258K, capacity 1310K, committed 1408K, reserved 1048576K
GC Heap History (10 events):
Event: 7.858 GC heap before
{Heap before GC invocations=35 (full 3):
 PSYoungGen      total 120320K, used 102631K [0x000000076ab00000, 0x0000000774080000, 0x00000007c0000000)
  eden space 90112K, 100% used [0x000000076ab00000,0x0000000770300000,0x0000000770300000)
  from space 30208K, 41% used [0x0000000770300000,0x0000000770f39cf0,0x0000000772080000)
  to   space 28160K, 0% used [0x0000000772500000,0x0000000772500000,0x0000000774080000)
 ParOldGen       total 56320K, used 38630K [0x00000006c0000000, 0x00000006c3700000, 0x000000076ab00000)
  object space 56320K, 68% used [0x00000006c0000000,0x00000006c25b99b0,0x00000006c3700000)
 Metaspace       used 11215K, capacity 11360K, committed 11648K, reserved 1058816K
  class space    used 1258K, capacity 1310K, committed 1408K, reserved 1048576K
Event: 7.867 GC heap after
Heap after GC invocations=35 (full 3):
 PSYoungGen      total 121856K, used 9711K [0x000000076ab00000, 0x0000000773e00000, 0x00000007c0000000)
  eden space 96256K, 0% used [0x000000076ab00000,0x000000076ab00000,0x0000000770900000)
  from space 25600K, 37% used [0x0000000772500000,0x0000000772e7bfc0,0x0000000773e00000)
  to   space 27136K, 0% used [0x0000000770900000,0x0000000770900000,0x0000000772380000)
 ParOldGen       total 56320K, used 38630K [0x00000006c0000000, 0x00000006c3700000, 0x000000076ab00000)
  object space 56320K, 68% used [0x00000006c0000000,0x00000006c25b99b0,0x00000006c3700000)
 Metaspace       used 11215K, capacity 11360K, committed 11648K, reserved 1058816K
  class space    used 1258K, capacity 1310K, committed 1408K, reserved 1048576K
}
Event: 8.161 GC heap before
{Heap before GC invocations=36 (full 3):
 PSYoungGen      total 121856K, used 104714K [0x000000076ab00000, 0x0000000773e00000, 0x00000007c0000000)
  eden space 96256K, 98% used [0x000000076ab00000,0x00000007707c6920,0x0000000770900000)
  from space 25600K, 37% used [0x0000000772500000,0x0000000772e7bfc0,0x0000000773e00000)
  to   space 27136K, 0% used [0x0000000770900000,0x0000000770900000,0x0000000772380000)
 ParOldGen       total 56320K, used 38630K [0x00000006c0000000, 0x00000006c3700000, 0x000000076ab00000)
  object space 56320K, 68% used [0x00000006c0000000,0x00000006c25b99b0,0x00000006c3700000)
 Metaspace       used 11234K, capacity 11360K, committed 11648K, reserved 1058816K
  class space    used 1258K, capacity 1310K, committed 1408K, reserved 1048576K
Event: 8.164 GC heap after
Heap after GC invocations=36 (full 3):
 PSYoungGen      total 123392K, used 7710K [0x000000076ab00000, 0x0000000774200000, 0x00000007c0000000)
  eden space 96256K, 0% used [0x000000076ab00000,0x000000076ab00000,0x0000000770900000)
  from space 27136K, 28% used [0x0000000770900000,0x0000000771087b50,0x0000000772380000)
  to   space 26624K, 0% used [0x0000000772800000,0x0000000772800000,0x0000000774200000)
 ParOldGen       total 56320K, used 38630K [0x00000006c0000000, 0x00000006c3700000, 0x000000076ab00000)
  object space 56320K, 68% used [0x00000006c0000000,0x00000006c25b99b0,0x00000006c3700000)
 Metaspace       used 11234K, capacity 11360K, committed 11648K, reserved 1058816K
  class space    used 1258K, capacity 1310K, committed 1408K, reserved 1048576K
}
Event: 8.491 GC heap before
{Heap before GC invocations=37 (full 3):
 PSYoungGen      total 123392K, used 103956K [0x000000076ab00000, 0x0000000774200000, 0x00000007c0000000)
  eden space 96256K, 99% used [0x000000076ab00000,0x00000007708fd758,0x0000000770900000)
  from space 27136K, 28% used [0x0000000770900000,0x0000000771087b50,0x0000000772380000)
  to   space 26624K, 0% used [0x0000000772800000,0x0000000772800000,0x0000000774200000)
 ParOldGen       total 56320K, used 38630K [0x00000006c0000000, 0x00000006c3700000, 0x000000076ab00000)
  object space 56320K, 68% used [0x00000006c0000000,0x00000006c25b99b0,0x00000006c3700000)
 Metaspace       used 11243K, capacity 11360K, committed 11648K, reserved 1058816K
  class space    used 1258K, capacity 1310K, committed 1408K, reserved 1048576K
Event: 8.494 GC heap after
Heap after GC invocations=37 (full 3):
 PSYoungGen      total 125952K, used 4555K [0x000000076ab00000, 0x0000000774080000, 0x00000007c0000000)
  eden space 100864K, 0% used [0x000000076ab00000,0x000000076ab00000,0x0000000770d80000)
  from space 25088K, 18% used [0x0000000772800000,0x0000000772c72f88,0x0000000774080000)
  to   space 26112K, 0% used [0x0000000770d80000,0x0000000770d80000,0x0000000772700000)
 ParOldGen       total 56320K, used 38638K [0x00000006c0000000, 0x00000006c3700000, 0x000000076ab00000)
  object space 56320K, 68% used [0x00000006c0000000,0x00000006c25bb9b0,0x00000006c3700000)
 Metaspace       used 11243K, capacity 11360K, committed 11648K, reserved 1058816K
  class space    used 1258K, capacity 1310K, committed 1408K, reserved 1048576K
}
Event: 8.766 GC heap before
{Heap before GC invocations=38 (full 3):
 PSYoungGen      total 125952K, used 105389K [0x000000076ab00000, 0x0000000774080000, 0x00000007c0000000)
  eden space 100864K, 99% used [0x000000076ab00000,0x0000000770d78628,0x0000000770d80000)
  from space 25088K, 18% used [0x0000000772800000,0x0000000772c72f88,0x0000000774080000)
  to   space 26112K, 0% used [0x0000000770d80000,0x0000000770d80000,0x0000000772700000)
 ParOldGen       total 56320K, used 38638K [0x00000006c0000000, 0x00000006c3700000, 0x000000076ab00000)
  object space 56320K, 68% used [0x00000006c0000000,0x00000006c25bb9b0,0x00000006c3700000)
 Metaspace       used 11244K, capacity 11360K, committed 11648K, reserved 1058816K
  class space    used 1258K, capacity 1310K, committed 1408K, reserved 1048576K
Event: 8.772 GC heap after
Heap after GC invocations=38 (full 3):
 PSYoungGen      total 126976K, used 14332K [0x000000076ab00000, 0x0000000774500000, 0x00000007c0000000)
  eden space 100864K, 0% used [0x000000076ab00000,0x000000076ab00000,0x0000000770d80000)
  from space 26112K, 54% used [0x0000000770d80000,0x0000000771b7f328,0x0000000772700000)
  to   space 26112K, 0% used [0x0000000772b80000,0x0000000772b80000,0x0000000774500000)
 ParOldGen       total 56320K, used 41156K [0x00000006c0000000, 0x00000006c3700000, 0x000000076ab00000)
  object space 56320K, 73% used [0x00000006c0000000,0x00000006c28313a8,0x00000006c3700000)
 Metaspace       used 11244K, capacity 11360K, committed 11648K, reserved 1058816K
  class space    used 1258K, capacity 1310K, committed 1408K, reserved 1048576K
}
Event: 9.103 GC heap before
{Heap before GC invocations=39 (full 3):
 PSYoungGen      total 126976K, used 114715K [0x000000076ab00000, 0x0000000774500000, 0x00000007c0000000)
  eden space 100864K, 99% used [0x000000076ab00000,0x0000000770d07a98,0x0000000770d80000)
  from space 26112K, 54% used [0x0000000770d80000,0x0000000771b7f328,0x0000000772700000)
  to   space 26112K, 0% used [0x0000000772b80000,0x0000000772b80000,0x0000000774500000)
 ParOldGen       total 56320K, used 41156K [0x00000006c0000000, 0x00000006c3700000, 0x000000076ab00000)
  object space 56320K, 73% used [0x00000006c0000000,0x00000006c28313a8,0x00000006c3700000)
 Metaspace       used 11248K, capacity 11360K, committed 11648K, reserved 1058816K
  class space    used 1258K, capacity 1310K, committed 1408K, reserved 1048576K
Event: 9.109 GC heap after
Heap after GC invocations=39 (full 3):
 PSYoungGen      total 128512K, used 10126K [0x000000076ab00000, 0x0000000774200000, 0x00000007c0000000)
  eden space 105472K, 0% used [0x000000076ab00000,0x000000076ab00000,0x0000000771200000)
  from space 23040K, 43% used [0x0000000772b80000,0x0000000773563970,0x0000000774200000)
  to   space 24576K, 0% used [0x0000000771200000,0x0000000771200000,0x0000000772a00000)
 ParOldGen       total 56320K, used 41207K [0x00000006c0000000, 0x00000006c3700000, 0x000000076ab00000)
  object space 56320K, 73% used [0x00000006c0000000,0x00000006c283dc98,0x00000006c3700000)
 Metaspace       used 11248K, capacity 11360K, committed 11648K, reserved 1058816K
  class space    used 1258K, capacity 1310K, committed 1408K, reserved 1048576K
}

