# JRE version: Java(TM) SE Runtime Environment (8.0_11-b12) (build 1.8.0_11-b12)
# Java VM: Java HotSpot(TM) 64-Bit Server VM (25.11-b03 mixed mode windows-amd64 compressed oops)
Heap:
 PSYoungGen      total 78848K, used 33028K [0x000000076ab00000, 0x0000000771b80000, 0x00000007c0000000)
  eden space 69120K, 47% used [0x000000076ab00000,0x000000076cad0208,0x000000076ee80000)
  from space 9728K, 4% used [0x000000076ee80000,0x000000076eef0fa8,0x000000076f800000)
  to   space 9216K, 0% used [0x0000000771280000,0x0000000771280000,0x0000000771b80000)
 ParOldGen       total 64000K, used 42770K [0x00000006c0000000, 0x00000006c3e80000, 0x000000076ab00000)
  object space 64000K, 66% used [0x00000006c0000000,0x00000006c29c4b90,0x00000006c3e80000)
 Metaspace       used 11114K, capacity 11228K, committed 11392K, reserved 1058816K
  class space    used 1258K, capacity 1310K, committed 1408K, reserved 1048576K
GC Heap History (10 events):
Event: 2.694 GC heap before
{Heap before GC invocations=17 (full 0):
 PSYoungGen      total 46080K, used 35398K [0x000000076ab00000, 0x000000076e300000, 0x00000007c0000000)
  eden space 34816K, 100% used [0x000000076ab00000,0x000000076cd00000,0x000000076cd00000)
  from space 11264K, 5% used [0x000000076d800000,0x000000076d891b58,0x000000076e300000)
  to   space 11264K, 0% used [0x000000076cd00000,0x000000076cd00000,0x000000076d800000)
 ParOldGen       total 64000K, used 41955K [0x00000006c0000000, 0x00000006c3e80000, 0x000000076ab00000)
  object space 64000K, 65% used [0x00000006c0000000,0x00000006c28f8d70,0x00000006c3e80000)
 Metaspace       used 10828K, capacity 10936K, committed 11008K, reserved 1058816K
  class space    used 1240K, capacity 1278K, committed 1280K, reserved 1048576K
Event: 2.696 GC heap after
Heap after GC invocations=17 (full 0):
 PSYoungGen      total 46080K, used 563K [0x000000076ab00000, 0x000000076f000000, 0x00000007c0000000)
  eden space 34816K, 0% used [0x000000076ab00000,0x000000076ab00000,0x000000076cd00000)
  from space 11264K, 5% used [0x000000076cd00000,0x000000076cd8ce78,0x000000076d800000)
  to   space 10752K, 0% used [0x000000076e580000,0x000000076e580000,0x000000076f000000)
 ParOldGen       total 64000K, used 42247K [0x00000006c0000000, 0x00000006c3e80000, 0x000000076ab00000)
  object space 64000K, 66% used [0x00000006c0000000,0x00000006c2941eb8,0x00000006c3e80000)
 Metaspace       used 10828K, capacity 10936K, committed 11008K, reserved 1058816K
  class space    used 1240K, capacity 1278K, committed 1280K, reserved 1048576K
}
Event: 2.897 GC heap before
{Heap before GC invocations=18 (full 0):
 PSYoungGen      total 46080K, used 35379K [0x000000076ab00000, 0x000000076f000000, 0x00000007c0000000)
  eden space 34816K, 100% used [0x000000076ab00000,0x000000076cd00000,0x000000076cd00000)
  from space 11264K, 5% used [0x000000076cd00000,0x000000076cd8ce78,0x000000076d800000)
  to   space 10752K, 0% used [0x000000076e580000,0x000000076e580000,0x000000076f000000)
 ParOldGen       total 64000K, used 42247K [0x00000006c0000000, 0x00000006c3e80000, 0x000000076ab00000)
  object space 64000K, 66% used [0x00000006c0000000,0x00000006c2941eb8,0x00000006c3e80000)
 Metaspace       used 11016K, capacity 11160K, committed 11392K, reserved 1058816K
  class space    used 1258K, capacity 1310K, committed 1408K, reserved 1048576K
Event: 2.900 GC heap after
Heap after GC invocations=18 (full 0):
 PSYoungGen      total 59904K, used 498K [0x000000076ab00000, 0x000000076f000000, 0x00000007c0000000)
  eden space 49152K, 0% used [0x000000076ab00000,0x000000076ab00000,0x000000076db00000)
  from space 10752K, 4% used [0x000000076e580000,0x000000076e5fcbb8,0x000000076f000000)
  to   space 10752K, 0% used [0x000000076db00000,0x000000076db00000,0x000000076e580000)
 ParOldGen       total 64000K, used 42285K [0x00000006c0000000, 0x00000006c3e80000, 0x000000076ab00000)
  object space 64000K, 66% used [0x00000006c0000000,0x00000006c294b710,0x00000006c3e80000)
 Metaspace       used 11016K, capacity 11160K, committed 11392K, reserved 1058816K
  class space    used 1258K, capacity 1310K, committed 1408K, reserved 1048576K
}
Event: 3.179 GC heap before
{Heap before GC invocations=19 (full 0):
 PSYoungGen      total 59904K, used 49650K [0x000000076ab00000, 0x000000076f000000, 0x00000007c0000000)
  eden space 49152K, 100% used [0x000000076ab00000,0x000000076db00000,0x000000076db00000)
  from space 10752K, 4% used [0x000000076e580000,0x000000076e5fcbb8,0x000000076f000000)
  to   space 10752K, 0% used [0x000000076db00000,0x000000076db00000,0x000000076e580000)
 ParOldGen       total 64000K, used 42285K [0x00000006c0000000, 0x00000006c3e80000, 0x000000076ab00000)
  object space 64000K, 66% used [0x00000006c0000000,0x00000006c294b710,0x00000006c3e80000)
 Metaspace       used 11077K, capacity 11228K, committed 11392K, reserved 1058816K
  class space    used 1258K, capacity 1310K, committed 1408K, reserved 1048576K
Event: 3.181 GC heap after
Heap after GC invocations=19 (full 0):
 PSYoungGen      total 59904K, used 399K [0x000000076ab00000, 0x0000000770280000, 0x00000007c0000000)
  eden space 49152K, 0% used [0x000000076ab00000,0x000000076ab00000,0x000000076db00000)
  from space 10752K, 3% used [0x000000076db00000,0x000000076db63fb8,0x000000076e580000)
  to   space 10240K, 0% used [0x000000076f880000,0x000000076f880000,0x0000000770280000)
 ParOldGen       total 64000K, used 42507K [0x00000006c0000000, 0x00000006c3e80000, 0x000000076ab00000)
  object space 64000K, 66% used [0x00000006c0000000,0x00000006c2982c88,0x00000006c3e80000)
 Metaspace       used 11077K, capacity 11228K, committed 11392K, reserved 1058816K
  class space    used 1258K, capacity 1310K, committed 1408K, reserved 1048576K
}
Event: 3.370 GC heap before
{Heap before GC invocations=20 (full 0):
 PSYoungGen      total 59904K, used 49551K [0x000000076ab00000, 0x0000000770280000, 0x00000007c0000000)
  eden space 49152K, 100% used [0x000000076ab00000,0x000000076db00000,0x000000076db00000)
  from space 10752K, 3% used [0x000000076db00000,0x000000076db63fb8,0x000000076e580000)
  to   space 10240K, 0% used [0x000000076f880000,0x000000076f880000,0x0000000770280000)
 ParOldGen       total 64000K, used 42507K [0x00000006c0000000, 0x00000006c3e80000, 0x000000076ab00000)
  object space 64000K, 66% used [0x00000006c0000000,0x00000006c2982c88,0x00000006c3e80000)
 Metaspace       used 11098K, capacity 11228K, committed 11392K, reserved 1058816K
  class space    used 1258K, capacity 1310K, committed 1408K, reserved 1048576K
Event: 3.373 GC heap after
Heap after GC invocations=20 (full 0):
 PSYoungGen      total 78336K, used 371K [0x000000076ab00000, 0x0000000770180000, 0x00000007c0000000)
  eden space 69120K, 0% used [0x000000076ab00000,0x000000076ab00000,0x000000076ee80000)
  from space 9216K, 4% used [0x000000076f880000,0x000000076f8dcef0,0x0000000770180000)
  to   space 9728K, 0% used [0x000000076ee80000,0x000000076ee80000,0x000000076f800000)
 ParOldGen       total 64000K, used 42647K [0x00000006c0000000, 0x00000006c3e80000, 0x000000076ab00000)
  object space 64000K, 66% used [0x00000006c0000000,0x00000006c29a5ca0,0x00000006c3e80000)
 Metaspace       used 11098K, capacity 11228K, committed 11392K, reserved 1058816K
  class space    used 1258K, capacity 1310K, committed 1408K, reserved 1048576K
}
Event: 3.629 GC heap before
{Heap before GC invocations=21 (full 0):
 PSYoungGen      total 78336K, used 69491K [0x000000076ab00000, 0x0000000770180000, 0x00000007c0000000)
  eden space 69120K, 100% used [0x000000076ab00000,0x000000076ee80000,0x000000076ee80000)
  from space 9216K, 4% used [0x000000076f880000,0x000000076f8dcef0,0x0000000770180000)
  to   space 9728K, 0% used [0x000000076ee80000,0x000000076ee80000,0x000000076f800000)
 ParOldGen       total 64000K, used 42647K [0x00000006c0000000, 0x00000006c3e80000, 0x000000076ab00000)
  object space 64000K, 66% used [0x00000006c0000000,0x00000006c29a5ca0,0x00000006c3e80000)
 Metaspace       used 11106K, capacity 11228K, committed 11392K, reserved 1058816K
  class space    used 1258K, capacity 1310K, committed 1408K, reserved 1048576K
Event: 3.630 GC heap after
Heap after GC invocations=21 (full 0):
 PSYoungGen      total 78848K, used 451K [0x000000076ab00000, 0x0000000771b80000, 0x00000007c0000000)
  eden space 69120K, 0% used [0x000000076ab00000,0x000000076ab00000,0x000000076ee80000)
  from space 9728K, 4% used [0x000000076ee80000,0x000000076eef0fa8,0x000000076f800000)
  to   space 9216K, 0% used [0x0000000771280000,0x0000000771280000,0x0000000771b80000)
 ParOldGen       total 64000K, used 42770K [0x00000006c0000000, 0x00000006c3e80000, 0x000000076ab00000)
  object space 64000K, 66% used [0x00000006c0000000,0x00000006c29c4b90,0x00000006c3e80000)
 Metaspace       used 11106K, capacity 11228K, committed 11392K, reserved 1058816K
  class space    used 1258K, capacity 1310K, committed 1408K, reserved 1048576K
}

