# JRE version: Java(TM) SE Runtime Environment (8.0_11-b12) (build 1.8.0_11-b12)
# Java VM: Java HotSpot(TM) 64-Bit Server VM (25.11-b03 mixed mode windows-amd64 compressed oops)
Heap:
 PSYoungGen      total 101888K, used 71428K [0x000000076ab00000, 0x0000000772380000, 0x00000007c0000000)
  eden space 81408K, 74% used [0x000000076ab00000,0x000000076e6279a0,0x000000076fa80000)
  from space 20480K, 52% used [0x0000000770f80000,0x0000000771a19948,0x0000000772380000)
  to   space 20992K, 0% used [0x000000076fa80000,0x000000076fa80000,0x0000000770f00000)
 ParOldGen       total 57344K, used 39079K [0x00000006c0000000, 0x00000006c3800000, 0x000000076ab00000)
  object space 57344K, 68% used [0x00000006c0000000,0x00000006c2629f20,0x00000006c3800000)
 Metaspace       used 11017K, capacity 11132K, committed 11264K, reserved 1058816K
  class space    used 1240K, capacity 1278K, committed 1280K, reserved 1048576K
GC Heap History (10 events):
Event: 3.301 GC heap before
{Heap before GC invocations=23 (full 3):
 PSYoungGen      total 83968K, used 16102K [0x000000076ab00000, 0x0000000771800000, 0x00000007c0000000)
  eden space 60928K, 0% used [0x000000076ab00000,0x000000076ab00000,0x000000076e680000)
  from space 23040K, 69% used [0x000000076fe80000,0x0000000770e39ac8,0x0000000771500000)
  to   space 24576K, 0% used [0x000000076e680000,0x000000076e680000,0x000000076fe80000)
 ParOldGen       total 53248K, used 44656K [0x00000006c0000000, 0x00000006c3400000, 0x000000076ab00000)
  object space 53248K, 83% used [0x00000006c0000000,0x00000006c2b9c138,0x00000006c3400000)
 Metaspace       used 10767K, capacity 10876K, committed 11008K, reserved 1058816K
  class space    used 1232K, capacity 1278K, committed 1280K, reserved 1048576K
Event: 3.356 GC heap after
Heap after GC invocations=23 (full 3):
 PSYoungGen      total 83968K, used 0K [0x000000076ab00000, 0x0000000771800000, 0x00000007c0000000)
  eden space 60928K, 0% used [0x000000076ab00000,0x000000076ab00000,0x000000076e680000)
  from space 23040K, 0% used [0x000000076fe80000,0x000000076fe80000,0x0000000771500000)
  to   space 24576K, 0% used [0x000000076e680000,0x000000076e680000,0x000000076fe80000)
 ParOldGen       total 57344K, used 39063K [0x00000006c0000000, 0x00000006c3800000, 0x000000076ab00000)
  object space 57344K, 68% used [0x00000006c0000000,0x00000006c2625f20,0x00000006c3800000)
 Metaspace       used 10767K, capacity 10876K, committed 11008K, reserved 1058816K
  class space    used 1232K, capacity 1278K, committed 1280K, reserved 1048576K
}
Event: 3.649 GC heap before
{Heap before GC invocations=24 (full 3):
 PSYoungGen      total 83968K, used 60506K [0x000000076ab00000, 0x0000000771800000, 0x00000007c0000000)
  eden space 60928K, 99% used [0x000000076ab00000,0x000000076e616848,0x000000076e680000)
  from space 23040K, 0% used [0x000000076fe80000,0x000000076fe80000,0x0000000771500000)
  to   space 24576K, 0% used [0x000000076e680000,0x000000076e680000,0x000000076fe80000)
 ParOldGen       total 57344K, used 39063K [0x00000006c0000000, 0x00000006c3800000, 0x000000076ab00000)
  object space 57344K, 68% used [0x00000006c0000000,0x00000006c2625f20,0x00000006c3800000)
 Metaspace       used 10894K, capacity 11004K, committed 11264K, reserved 1058816K
  class space    used 1239K, capacity 1278K, committed 1280K, reserved 1048576K
Event: 3.652 GC heap after
Heap after GC invocations=24 (full 3):
 PSYoungGen      total 85504K, used 8858K [0x000000076ab00000, 0x0000000771e80000, 0x00000007c0000000)
  eden space 60928K, 0% used [0x000000076ab00000,0x000000076ab00000,0x000000076e680000)
  from space 24576K, 36% used [0x000000076e680000,0x000000076ef26b10,0x000000076fe80000)
  to   space 23040K, 0% used [0x0000000770800000,0x0000000770800000,0x0000000771e80000)
 ParOldGen       total 57344K, used 39071K [0x00000006c0000000, 0x00000006c3800000, 0x000000076ab00000)
  object space 57344K, 68% used [0x00000006c0000000,0x00000006c2627f20,0x00000006c3800000)
 Metaspace       used 10894K, capacity 11004K, committed 11264K, reserved 1058816K
  class space    used 1239K, capacity 1278K, committed 1280K, reserved 1048576K
}
Event: 3.878 GC heap before
{Heap before GC invocations=25 (full 3):
 PSYoungGen      total 85504K, used 69786K [0x000000076ab00000, 0x0000000771e80000, 0x00000007c0000000)
  eden space 60928K, 100% used [0x000000076ab00000,0x000000076e680000,0x000000076e680000)
  from space 24576K, 36% used [0x000000076e680000,0x000000076ef26b10,0x000000076fe80000)
  to   space 23040K, 0% used [0x0000000770800000,0x0000000770800000,0x0000000771e80000)
 ParOldGen       total 57344K, used 39071K [0x00000006c0000000, 0x00000006c3800000, 0x000000076ab00000)
  object space 57344K, 68% used [0x00000006c0000000,0x00000006c2627f20,0x00000006c3800000)
 Metaspace       used 10931K, capacity 11068K, committed 11264K, reserved 1058816K
  class space    used 1240K, capacity 1278K, committed 1280K, reserved 1048576K
Event: 3.880 GC heap after
Heap after GC invocations=25 (full 3):
 PSYoungGen      total 91136K, used 3266K [0x000000076ab00000, 0x0000000771c00000, 0x00000007c0000000)
  eden space 70656K, 0% used [0x000000076ab00000,0x000000076ab00000,0x000000076f000000)
  from space 20480K, 15% used [0x0000000770800000,0x0000000770b30a80,0x0000000771c00000)
  to   space 22528K, 0% used [0x000000076f000000,0x000000076f000000,0x0000000770600000)
 ParOldGen       total 57344K, used 39071K [0x00000006c0000000, 0x00000006c3800000, 0x000000076ab00000)
  object space 57344K, 68% used [0x00000006c0000000,0x00000006c2627f20,0x00000006c3800000)
 Metaspace       used 10931K, capacity 11068K, committed 11264K, reserved 1058816K
  class space    used 1240K, capacity 1278K, committed 1280K, reserved 1048576K
}
Event: 4.087 GC heap before
{Heap before GC invocations=26 (full 3):
 PSYoungGen      total 91136K, used 73748K [0x000000076ab00000, 0x0000000771c00000, 0x00000007c0000000)
  eden space 70656K, 99% used [0x000000076ab00000,0x000000076efd4888,0x000000076f000000)
  from space 20480K, 15% used [0x0000000770800000,0x0000000770b30a80,0x0000000771c00000)
  to   space 22528K, 0% used [0x000000076f000000,0x000000076f000000,0x0000000770600000)
 ParOldGen       total 57344K, used 39071K [0x00000006c0000000, 0x00000006c3800000, 0x000000076ab00000)
  object space 57344K, 68% used [0x00000006c0000000,0x00000006c2627f20,0x00000006c3800000)
 Metaspace       used 10961K, capacity 11068K, committed 11264K, reserved 1058816K
  class space    used 1240K, capacity 1278K, committed 1280K, reserved 1048576K
Event: 4.091 GC heap after
Heap after GC invocations=26 (full 3):
 PSYoungGen      total 93184K, used 8940K [0x000000076ab00000, 0x0000000772480000, 0x00000007c0000000)
  eden space 70656K, 0% used [0x000000076ab00000,0x000000076ab00000,0x000000076f000000)
  from space 22528K, 39% used [0x000000076f000000,0x000000076f8bb110,0x0000000770600000)
  to   space 21504K, 0% used [0x0000000770f80000,0x0000000770f80000,0x0000000772480000)
 ParOldGen       total 57344K, used 39071K [0x00000006c0000000, 0x00000006c3800000, 0x000000076ab00000)
  object space 57344K, 68% used [0x00000006c0000000,0x00000006c2627f20,0x00000006c3800000)
 Metaspace       used 10961K, capacity 11068K, committed 11264K, reserved 1058816K
  class space    used 1240K, capacity 1278K, committed 1280K, reserved 1048576K
}
Event: 4.311 GC heap before
{Heap before GC invocations=27 (full 3):
 PSYoungGen      total 93184K, used 79596K [0x000000076ab00000, 0x0000000772480000, 0x00000007c0000000)
  eden space 70656K, 100% used [0x000000076ab00000,0x000000076f000000,0x000000076f000000)
  from space 22528K, 39% used [0x000000076f000000,0x000000076f8bb110,0x0000000770600000)
  to   space 21504K, 0% used [0x0000000770f80000,0x0000000770f80000,0x0000000772480000)
 ParOldGen       total 57344K, used 39071K [0x00000006c0000000, 0x00000006c3800000, 0x000000076ab00000)
  object space 57344K, 68% used [0x00000006c0000000,0x00000006c2627f20,0x00000006c3800000)
 Metaspace       used 10993K, capacity 11132K, committed 11264K, reserved 1058816K
  class space    used 1240K, capacity 1278K, committed 1280K, reserved 1048576K
Event: 4.316 GC heap after
Heap after GC invocations=27 (full 3):
 PSYoungGen      total 101888K, used 10854K [0x000000076ab00000, 0x0000000772380000, 0x00000007c0000000)
  eden space 81408K, 0% used [0x000000076ab00000,0x000000076ab00000,0x000000076fa80000)
  from space 20480K, 52% used [0x0000000770f80000,0x0000000771a19948,0x0000000772380000)
  to   space 20992K, 0% used [0x000000076fa80000,0x000000076fa80000,0x0000000770f00000)
 ParOldGen       total 57344K, used 39079K [0x00000006c0000000, 0x00000006c3800000, 0x000000076ab00000)
  object space 57344K, 68% used [0x00000006c0000000,0x00000006c2629f20,0x00000006c3800000)
 Metaspace       used 10993K, capacity 11132K, committed 11264K, reserved 1058816K
  class space    used 1240K, capacity 1278K, committed 1280K, reserved 1048576K
}

