# JRE version: Java(TM) SE Runtime Environment (8.0_11-b12) (build 1.8.0_11-b12)
# Java VM: Java HotSpot(TM) 64-Bit Server VM (25.11-b03 mixed mode windows-amd64 compressed oops)
Heap:
 PSYoungGen      total 51200K, used 7453K [0x00000000d6580000, 0x00000000dcb00000, 0x0000000100000000)
  eden space 50688K, 14% used [0x00000000d6580000,0x00000000d6c8f700,0x00000000d9700000)
  from space 512K, 43% used [0x00000000d9980000,0x00000000d99b8000,0x00000000d9a00000)
  to   space 26624K, 0% used [0x00000000db100000,0x00000000db100000,0x00000000dcb00000)
 ParOldGen       total 522752K, used 333400K [0x0000000083000000, 0x00000000a2e80000, 0x00000000d6580000)
  object space 522752K, 63% used [0x0000000083000000,0x0000000097596060,0x00000000a2e80000)
 Metaspace       used 9095K, capacity 9200K, committed 9216K, reserved 1056768K
  class space    used 980K, capacity 1022K, committed 1024K, reserved 1048576K
GC Heap History (10 events):
Event: 1844.848 GC heap before
{Heap before GC invocations=3398 (full 0):
 PSYoungGen      total 60928K, used 60895K [0x00000000d6580000, 0x00000000dbe80000, 0x0000000100000000)
  eden space 49152K, 100% used [0x00000000d6580000,0x00000000d9580000,0x00000000d9580000)
  from space 11776K, 99% used [0x00000000d9800000,0x00000000da377f98,0x00000000da380000)
  to   space 20992K, 0% used [0x00000000daa00000,0x00000000daa00000,0x00000000dbe80000)
 ParOldGen       total 522752K, used 333232K [0x0000000083000000, 0x00000000a2e80000, 0x00000000d6580000)
  object space 522752K, 63% used [0x0000000083000000,0x000000009756c060,0x00000000a2e80000)
 Metaspace       used 8766K, capacity 8848K, committed 8960K, reserved 1056768K
  class space    used 943K, capacity 990K, committed 1024K, reserved 1048576K
Event: 1844.854 GC heap after
Heap after GC invocations=3398 (full 0):
 PSYoungGen      total 68096K, used 15998K [0x00000000d6580000, 0x00000000dc080000, 0x0000000100000000)
  eden space 47104K, 0% used [0x00000000d6580000,0x00000000d6580000,0x00000000d9380000)
  from space 20992K, 76% used [0x00000000daa00000,0x00000000db99f8d0,0x00000000dbe80000)
  to   space 23040K, 0% used [0x00000000d9380000,0x00000000d9380000,0x00000000daa00000)
 ParOldGen       total 522752K, used 333264K [0x0000000083000000, 0x00000000a2e80000, 0x00000000d6580000)
  object space 522752K, 63% used [0x0000000083000000,0x0000000097574060,0x00000000a2e80000)
 Metaspace       used 8766K, capacity 8848K, committed 8960K, reserved 1056768K
  class space    used 943K, capacity 990K, committed 1024K, reserved 1048576K
}
Event: 1845.255 GC heap before
{Heap before GC invocations=3399 (full 0):
 PSYoungGen      total 68096K, used 62488K [0x00000000d6580000, 0x00000000dc080000, 0x0000000100000000)
  eden space 47104K, 98% used [0x00000000d6580000,0x00000000d92e69d8,0x00000000d9380000)
  from space 20992K, 76% used [0x00000000daa00000,0x00000000db99f8d0,0x00000000dbe80000)
  to   space 23040K, 0% used [0x00000000d9380000,0x00000000d9380000,0x00000000daa00000)
 ParOldGen       total 522752K, used 333264K [0x0000000083000000, 0x00000000a2e80000, 0x00000000d6580000)
  object space 522752K, 63% used [0x0000000083000000,0x0000000097574060,0x00000000a2e80000)
 Metaspace       used 8766K, capacity 8848K, committed 8960K, reserved 1056768K
  class space    used 943K, capacity 990K, committed 1024K, reserved 1048576K
Event: 1845.261 GC heap after
Heap after GC invocations=3399 (full 0):
 PSYoungGen      total 61440K, used 16050K [0x00000000d6580000, 0x00000000dc180000, 0x0000000100000000)
  eden space 45056K, 0% used [0x00000000d6580000,0x00000000d6580000,0x00000000d9180000)
  from space 16384K, 97% used [0x00000000d9380000,0x00000000da32c998,0x00000000da380000)
  to   space 24576K, 0% used [0x00000000da980000,0x00000000da980000,0x00000000dc180000)
 ParOldGen       total 522752K, used 333296K [0x0000000083000000, 0x00000000a2e80000, 0x00000000d6580000)
  object space 522752K, 63% used [0x0000000083000000,0x000000009757c060,0x00000000a2e80000)
 Metaspace       used 8766K, capacity 8848K, committed 8960K, reserved 1056768K
  class space    used 943K, capacity 990K, committed 1024K, reserved 1048576K
}
Event: 1845.666 GC heap before
{Heap before GC invocations=3400 (full 0):
 PSYoungGen      total 61440K, used 60896K [0x00000000d6580000, 0x00000000dc180000, 0x0000000100000000)
  eden space 45056K, 99% used [0x00000000d6580000,0x00000000d914b928,0x00000000d9180000)
  from space 16384K, 97% used [0x00000000d9380000,0x00000000da32c998,0x00000000da380000)
  to   space 24576K, 0% used [0x00000000da980000,0x00000000da980000,0x00000000dc180000)
 ParOldGen       total 522752K, used 333296K [0x0000000083000000, 0x00000000a2e80000, 0x00000000d6580000)
  object space 522752K, 63% used [0x0000000083000000,0x000000009757c060,0x00000000a2e80000)
 Metaspace       used 8766K, capacity 8848K, committed 8960K, reserved 1056768K
  class space    used 943K, capacity 990K, committed 1024K, reserved 1048576K
Event: 1845.671 GC heap after
Heap after GC invocations=3400 (full 0):
 PSYoungGen      total 69120K, used 15998K [0x00000000d6580000, 0x00000000dcb80000, 0x0000000100000000)
  eden space 44544K, 0% used [0x00000000d6580000,0x00000000d6580000,0x00000000d9100000)
  from space 24576K, 65% used [0x00000000da980000,0x00000000db91f8d0,0x00000000dc180000)
  to   space 25088K, 0% used [0x00000000d9100000,0x00000000d9100000,0x00000000da980000)
 ParOldGen       total 522752K, used 333320K [0x0000000083000000, 0x00000000a2e80000, 0x00000000d6580000)
  object space 522752K, 63% used [0x0000000083000000,0x0000000097582060,0x00000000a2e80000)
 Metaspace       used 8766K, capacity 8848K, committed 8960K, reserved 1056768K
  class space    used 943K, capacity 990K, committed 1024K, reserved 1048576K
}
Event: 1846.208 GC heap before
{Heap before GC invocations=3401 (full 0):
 PSYoungGen      total 69120K, used 60542K [0x00000000d6580000, 0x00000000dcb80000, 0x0000000100000000)
  eden space 44544K, 100% used [0x00000000d6580000,0x00000000d9100000,0x00000000d9100000)
  from space 24576K, 65% used [0x00000000da980000,0x00000000db91f8d0,0x00000000dc180000)
  to   space 25088K, 0% used [0x00000000d9100000,0x00000000d9100000,0x00000000da980000)
 ParOldGen       total 522752K, used 333320K [0x0000000083000000, 0x00000000a2e80000, 0x00000000d6580000)
  object space 522752K, 63% used [0x0000000083000000,0x0000000097582060,0x00000000a2e80000)
 Metaspace       used 8766K, capacity 8848K, committed 8960K, reserved 1056768K
  class space    used 943K, capacity 990K, committed 1024K, reserved 1048576K
Event: 1846.213 GC heap after
Heap after GC invocations=3401 (full 0):
 PSYoungGen      total 69632K, used 15890K [0x00000000d6580000, 0x00000000dcd00000, 0x0000000100000000)
  eden space 44544K, 0% used [0x00000000d6580000,0x00000000d6580000,0x00000000d9100000)
  from space 25088K, 63% used [0x00000000d9100000,0x00000000da084998,0x00000000da980000)
  to   space 26112K, 0% used [0x00000000db380000,0x00000000db380000,0x00000000dcd00000)
 ParOldGen       total 522752K, used 333344K [0x0000000083000000, 0x00000000a2e80000, 0x00000000d6580000)
  object space 522752K, 63% used [0x0000000083000000,0x0000000097588060,0x00000000a2e80000)
 Metaspace       used 8766K, capacity 8848K, committed 8960K, reserved 1056768K
  class space    used 943K, capacity 990K, committed 1024K, reserved 1048576K
}
Event: 1846.592 GC heap before
{Heap before GC invocations=3402 (full 0):
 PSYoungGen      total 69632K, used 60434K [0x00000000d6580000, 0x00000000dcd00000, 0x0000000100000000)
  eden space 44544K, 100% used [0x00000000d6580000,0x00000000d9100000,0x00000000d9100000)
  from space 25088K, 63% used [0x00000000d9100000,0x00000000da084998,0x00000000da980000)
  to   space 26112K, 0% used [0x00000000db380000,0x00000000db380000,0x00000000dcd00000)
 ParOldGen       total 522752K, used 333344K [0x0000000083000000, 0x00000000a2e80000, 0x00000000d6580000)
  object space 522752K, 63% used [0x0000000083000000,0x0000000097588060,0x00000000a2e80000)
 Metaspace       used 8766K, capacity 8848K, committed 8960K, reserved 1056768K
  class space    used 943K, capacity 990K, committed 1024K, reserved 1048576K
Event: 1846.598 GC heap after
Heap after GC invocations=3402 (full 0):
 PSYoungGen      total 79360K, used 15986K [0x00000000d6580000, 0x00000000dce00000, 0x0000000100000000)
  eden space 53248K, 0% used [0x00000000d6580000,0x00000000d6580000,0x00000000d9980000)
  from space 26112K, 61% used [0x00000000db380000,0x00000000dc31c998,0x00000000dcd00000)
  to   space 26624K, 0% used [0x00000000d9980000,0x00000000d9980000,0x00000000db380000)
 ParOldGen       total 522752K, used 333368K [0x0000000083000000, 0x00000000a2e80000, 0x00000000d6580000)
  object space 522752K, 63% used [0x0000000083000000,0x000000009758e060,0x00000000a2e80000)
 Metaspace       used 8766K, capacity 8848K, committed 8960K, reserved 1056768K
  class space    used 943K, capacity 990K, committed 1024K, reserved 1048576K
}

