# JRE version: Java(TM) SE Runtime Environment (8.0_11-b12) (build 1.8.0_11-b12)
# Java VM: Java HotSpot(TM) 64-Bit Server VM (25.11-b03 mixed mode windows-amd64 compressed oops)
Heap:
 PSYoungGen      total 68608K, used 12790K [0x00000000eb000000, 0x00000000f1d80000, 0x0000000100000000)
  eden space 65024K, 14% used [0x00000000eb000000,0x00000000eb93a000,0x00000000eef80000)
  from space 3584K, 93% used [0x00000000ef100000,0x00000000ef443880,0x00000000ef480000)
  to   space 23552K, 0% used [0x00000000f0680000,0x00000000f0680000,0x00000000f1d80000)
 ParOldGen       total 96256K, used 85932K [0x00000000c1000000, 0x00000000c6e00000, 0x00000000eb000000)
  object space 96256K, 89% used [0x00000000c1000000,0x00000000c63eb130,0x00000000c6e00000)
 Metaspace       used 9221K, capacity 9328K, committed 9472K, reserved 1058816K
  class space    used 988K, capacity 1022K, committed 1024K, reserved 1048576K
GC Heap History (10 events):
Event: 13558.742 GC heap before
{Heap before GC invocations=19665 (full 39):
 PSYoungGen      total 77824K, used 76658K [0x00000000eb000000, 0x00000000f2780000, 0x0000000100000000)
  eden space 76288K, 99% used [0x00000000eb000000,0x00000000ef9d8120,0x00000000efa80000)
  from space 1536K, 67% used [0x00000000efc80000,0x00000000efd848d8,0x00000000efe00000)
  to   space 23040K, 0% used [0x00000000f1100000,0x00000000f1100000,0x00000000f2780000)
 ParOldGen       total 96256K, used 85804K [0x00000000c1000000, 0x00000000c6e00000, 0x00000000eb000000)
  object space 96256K, 89% used [0x00000000c1000000,0x00000000c63cb130,0x00000000c6e00000)
 Metaspace       used 8894K, capacity 9040K, committed 9216K, reserved 1056768K
  class space    used 951K, capacity 990K, committed 1024K, reserved 1048576K
Event: 13558.747 GC heap after
Heap after GC invocations=19665 (full 39):
 PSYoungGen      total 93184K, used 6707K [0x00000000eb000000, 0x00000000f2380000, 0x0000000100000000)
  eden space 74240K, 0% used [0x00000000eb000000,0x00000000eb000000,0x00000000ef880000)
  from space 18944K, 35% used [0x00000000f1100000,0x00000000f178cd10,0x00000000f2380000)
  to   space 22016K, 0% used [0x00000000ef880000,0x00000000ef880000,0x00000000f0e00000)
 ParOldGen       total 96256K, used 85820K [0x00000000c1000000, 0x00000000c6e00000, 0x00000000eb000000)
  object space 96256K, 89% used [0x00000000c1000000,0x00000000c63cf130,0x00000000c6e00000)
 Metaspace       used 8894K, capacity 9040K, committed 9216K, reserved 1056768K
  class space    used 951K, capacity 990K, committed 1024K, reserved 1048576K
}
Event: 13560.590 GC heap before
{Heap before GC invocations=19666 (full 39):
 PSYoungGen      total 93184K, used 80200K [0x00000000eb000000, 0x00000000f2380000, 0x0000000100000000)
  eden space 74240K, 98% used [0x00000000eb000000,0x00000000ef7c55f0,0x00000000ef880000)
  from space 18944K, 35% used [0x00000000f1100000,0x00000000f178cd10,0x00000000f2380000)
  to   space 22016K, 0% used [0x00000000ef880000,0x00000000ef880000,0x00000000f0e00000)
 ParOldGen       total 96256K, used 85820K [0x00000000c1000000, 0x00000000c6e00000, 0x00000000eb000000)
  object space 96256K, 89% used [0x00000000c1000000,0x00000000c63cf130,0x00000000c6e00000)
 Metaspace       used 8894K, capacity 9040K, committed 9216K, reserved 1056768K
  class space    used 951K, capacity 990K, committed 1024K, reserved 1048576K
Event: 13560.596 GC heap after
Heap after GC invocations=19666 (full 39):
 PSYoungGen      total 88576K, used 16018K [0x00000000eb000000, 0x00000000f2480000, 0x0000000100000000)
  eden space 72192K, 0% used [0x00000000eb000000,0x00000000eb000000,0x00000000ef680000)
  from space 16384K, 97% used [0x00000000ef880000,0x00000000f0824998,0x00000000f0880000)
  to   space 23552K, 0% used [0x00000000f0d80000,0x00000000f0d80000,0x00000000f2480000)
 ParOldGen       total 96256K, used 85844K [0x00000000c1000000, 0x00000000c6e00000, 0x00000000eb000000)
  object space 96256K, 89% used [0x00000000c1000000,0x00000000c63d5130,0x00000000c6e00000)
 Metaspace       used 8894K, capacity 9040K, committed 9216K, reserved 1056768K
  class space    used 951K, capacity 990K, committed 1024K, reserved 1048576K
}
Event: 13561.881 GC heap before
{Heap before GC invocations=19667 (full 39):
 PSYoungGen      total 88576K, used 88129K [0x00000000eb000000, 0x00000000f2480000, 0x0000000100000000)
  eden space 72192K, 99% used [0x00000000eb000000,0x00000000ef66bb48,0x00000000ef680000)
  from space 16384K, 97% used [0x00000000ef880000,0x00000000f0824998,0x00000000f0880000)
  to   space 23552K, 0% used [0x00000000f0d80000,0x00000000f0d80000,0x00000000f2480000)
 ParOldGen       total 96256K, used 85844K [0x00000000c1000000, 0x00000000c6e00000, 0x00000000eb000000)
  object space 96256K, 89% used [0x00000000c1000000,0x00000000c63d5130,0x00000000c6e00000)
 Metaspace       used 8894K, capacity 9040K, committed 9216K, reserved 1056768K
  class space    used 951K, capacity 990K, committed 1024K, reserved 1048576K
Event: 13561.887 GC heap after
Heap after GC invocations=19667 (full 39):
 PSYoungGen      total 93696K, used 15640K [0x00000000eb000000, 0x00000000f2480000, 0x0000000100000000)
  eden space 70144K, 0% used [0x00000000eb000000,0x00000000eb000000,0x00000000ef480000)
  from space 23552K, 66% used [0x00000000f0d80000,0x00000000f1cc63a0,0x00000000f2480000)
  to   space 24576K, 0% used [0x00000000ef480000,0x00000000ef480000,0x00000000f0c80000)
 ParOldGen       total 96256K, used 85876K [0x00000000c1000000, 0x00000000c6e00000, 0x00000000eb000000)
  object space 96256K, 89% used [0x00000000c1000000,0x00000000c63dd130,0x00000000c6e00000)
 Metaspace       used 8894K, capacity 9040K, committed 9216K, reserved 1056768K
  class space    used 951K, capacity 990K, committed 1024K, reserved 1048576K
}
Event: 13563.257 GC heap before
{Heap before GC invocations=19668 (full 39):
 PSYoungGen      total 93696K, used 84607K [0x00000000eb000000, 0x00000000f2480000, 0x0000000100000000)
  eden space 70144K, 98% used [0x00000000eb000000,0x00000000ef359ba8,0x00000000ef480000)
  from space 23552K, 66% used [0x00000000f0d80000,0x00000000f1cc63a0,0x00000000f2480000)
  to   space 24576K, 0% used [0x00000000ef480000,0x00000000ef480000,0x00000000f0c80000)
 ParOldGen       total 96256K, used 85876K [0x00000000c1000000, 0x00000000c6e00000, 0x00000000eb000000)
  object space 96256K, 89% used [0x00000000c1000000,0x00000000c63dd130,0x00000000c6e00000)
 Metaspace       used 8894K, capacity 9040K, committed 9216K, reserved 1056768K
  class space    used 951K, capacity 990K, committed 1024K, reserved 1048576K
Event: 13563.261 GC heap after
Heap after GC invocations=19668 (full 39):
 PSYoungGen      total 79872K, used 11764K [0x00000000eb000000, 0x00000000f2080000, 0x0000000100000000)
  eden space 68096K, 0% used [0x00000000eb000000,0x00000000eb000000,0x00000000ef280000)
  from space 11776K, 99% used [0x00000000ef480000,0x00000000efffd060,0x00000000f0000000)
  to   space 23552K, 0% used [0x00000000f0980000,0x00000000f0980000,0x00000000f2080000)
 ParOldGen       total 96256K, used 85892K [0x00000000c1000000, 0x00000000c6e00000, 0x00000000eb000000)
  object space 96256K, 89% used [0x00000000c1000000,0x00000000c63e1130,0x00000000c6e00000)
 Metaspace       used 8894K, capacity 9040K, committed 9216K, reserved 1056768K
  class space    used 951K, capacity 990K, committed 1024K, reserved 1048576K
}
Event: 13564.377 GC heap before
{Heap before GC invocations=19669 (full 39):
 PSYoungGen      total 79872K, used 79860K [0x00000000eb000000, 0x00000000f2080000, 0x0000000100000000)
  eden space 68096K, 100% used [0x00000000eb000000,0x00000000ef280000,0x00000000ef280000)
  from space 11776K, 99% used [0x00000000ef480000,0x00000000efffd060,0x00000000f0000000)
  to   space 23552K, 0% used [0x00000000f0980000,0x00000000f0980000,0x00000000f2080000)
 ParOldGen       total 96256K, used 85892K [0x00000000c1000000, 0x00000000c6e00000, 0x00000000eb000000)
  object space 96256K, 89% used [0x00000000c1000000,0x00000000c63e1130,0x00000000c6e00000)
 Metaspace       used 8894K, capacity 9040K, committed 9216K, reserved 1056768K
  class space    used 951K, capacity 990K, committed 1024K, reserved 1048576K
Event: 13564.379 GC heap after
Heap after GC invocations=19669 (full 39):
 PSYoungGen      total 88576K, used 2004K [0x00000000eb000000, 0x00000000f1f00000, 0x0000000100000000)
  eden space 66560K, 0% used [0x00000000eb000000,0x00000000eb000000,0x00000000ef100000)
  from space 22016K, 9% used [0x00000000f0980000,0x00000000f0b752d8,0x00000000f1f00000)
  to   space 23552K, 0% used [0x00000000ef100000,0x00000000ef100000,0x00000000f0800000)
 ParOldGen       total 96256K, used 85916K [0x00000000c1000000, 0x00000000c6e00000, 0x00000000eb000000)
  object space 96256K, 89% used [0x00000000c1000000,0x00000000c63e7130,0x00000000c6e00000)
 Metaspace       used 8894K, capacity 9040K, committed 9216K, reserved 1056768K
  class space    used 951K, capacity 990K, committed 1024K, reserved 1048576K
}

