# JRE version: Java(TM) SE Runtime Environment (8.0_11-b12) (build 1.8.0_11-b12)
# Java VM: Java HotSpot(TM) 64-Bit Server VM (25.11-b03 mixed mode windows-amd64 compressed oops)
Heap:
 PSYoungGen      total 49664K, used 41304K [0x00000000d6580000, 0x00000000daa80000, 0x0000000100000000)
  eden space 29696K, 99% used [0x00000000d6580000,0x00000000d8259d20,0x00000000d8280000)
  from space 19968K, 58% used [0x00000000d9700000,0x00000000da27c3c8,0x00000000daa80000)
  to   space 20480K, 0% used [0x00000000d8280000,0x00000000d8280000,0x00000000d9680000)
 ParOldGen       total 522752K, used 299467K [0x0000000083000000, 0x00000000a2e80000, 0x00000000d6580000)
  object space 522752K, 57% used [0x0000000083000000,0x0000000095472da0,0x00000000a2e80000)
 Metaspace       used 9088K, capacity 9200K, committed 9216K, reserved 1056768K
  class space    used 980K, capacity 1022K, committed 1024K, reserved 1048576K
GC Heap History (10 events):
Event: 1224.705 GC heap before
{Heap before GC invocations=2296 (full 0):
 PSYoungGen      total 54784K, used 51357K [0x00000000d6580000, 0x00000000db180000, 0x0000000100000000)
  eden space 36864K, 96% used [0x00000000d6580000,0x00000000d8812be0,0x00000000d8980000)
  from space 17920K, 89% used [0x00000000d8b00000,0x00000000d9a94998,0x00000000d9c80000)
  to   space 20480K, 0% used [0x00000000d9d80000,0x00000000d9d80000,0x00000000db180000)
 ParOldGen       total 522752K, used 299395K [0x0000000083000000, 0x00000000a2e80000, 0x00000000d6580000)
  object space 522752K, 57% used [0x0000000083000000,0x0000000095460da0,0x00000000a2e80000)
 Metaspace       used 8761K, capacity 8848K, committed 8960K, reserved 1056768K
  class space    used 944K, capacity 990K, committed 1024K, reserved 1048576K
Event: 1224.709 GC heap after
Heap after GC invocations=2296 (full 0):
 PSYoungGen      total 53248K, used 9508K [0x00000000d6580000, 0x00000000daf00000, 0x0000000100000000)
  eden space 35328K, 0% used [0x00000000d6580000,0x00000000d6580000,0x00000000d8800000)
  from space 17920K, 53% used [0x00000000d9d80000,0x00000000da6c9040,0x00000000daf00000)
  to   space 19968K, 0% used [0x00000000d8800000,0x00000000d8800000,0x00000000d9b80000)
 ParOldGen       total 522752K, used 299411K [0x0000000083000000, 0x00000000a2e80000, 0x00000000d6580000)
  object space 522752K, 57% used [0x0000000083000000,0x0000000095464da0,0x00000000a2e80000)
 Metaspace       used 8761K, capacity 8848K, committed 8960K, reserved 1056768K
  class space    used 944K, capacity 990K, committed 1024K, reserved 1048576K
}
Event: 1225.433 GC heap before
{Heap before GC invocations=2297 (full 0):
 PSYoungGen      total 53248K, used 44821K [0x00000000d6580000, 0x00000000daf00000, 0x0000000100000000)
  eden space 35328K, 99% used [0x00000000d6580000,0x00000000d87fc678,0x00000000d8800000)
  from space 17920K, 53% used [0x00000000d9d80000,0x00000000da6c9040,0x00000000daf00000)
  to   space 19968K, 0% used [0x00000000d8800000,0x00000000d8800000,0x00000000d9b80000)
 ParOldGen       total 522752K, used 299411K [0x0000000083000000, 0x00000000a2e80000, 0x00000000d6580000)
  object space 522752K, 57% used [0x0000000083000000,0x0000000095464da0,0x00000000a2e80000)
 Metaspace       used 8761K, capacity 8848K, committed 8960K, reserved 1056768K
  class space    used 944K, capacity 990K, committed 1024K, reserved 1048576K
Event: 1225.435 GC heap after
Heap after GC invocations=2297 (full 0):
 PSYoungGen      total 36864K, used 2616K [0x00000000d6580000, 0x00000000dac80000, 0x0000000100000000)
  eden space 33792K, 0% used [0x00000000d6580000,0x00000000d6580000,0x00000000d8680000)
  from space 3072K, 85% used [0x00000000d8800000,0x00000000d8a8e3c0,0x00000000d8b00000)
  to   space 19456K, 0% used [0x00000000d9980000,0x00000000d9980000,0x00000000dac80000)
 ParOldGen       total 522752K, used 299427K [0x0000000083000000, 0x00000000a2e80000, 0x00000000d6580000)
  object space 522752K, 57% used [0x0000000083000000,0x0000000095468da0,0x00000000a2e80000)
 Metaspace       used 8761K, capacity 8848K, committed 8960K, reserved 1056768K
  class space    used 944K, capacity 990K, committed 1024K, reserved 1048576K
}
Event: 1226.304 GC heap before
{Heap before GC invocations=2298 (full 0):
 PSYoungGen      total 36864K, used 36304K [0x00000000d6580000, 0x00000000dac80000, 0x0000000100000000)
  eden space 33792K, 99% used [0x00000000d6580000,0x00000000d8665f30,0x00000000d8680000)
  from space 3072K, 85% used [0x00000000d8800000,0x00000000d8a8e3c0,0x00000000d8b00000)
  to   space 19456K, 0% used [0x00000000d9980000,0x00000000d9980000,0x00000000dac80000)
 ParOldGen       total 522752K, used 299427K [0x0000000083000000, 0x00000000a2e80000, 0x00000000d6580000)
  object space 522752K, 57% used [0x0000000083000000,0x0000000095468da0,0x00000000a2e80000)
 Metaspace       used 8761K, capacity 8848K, committed 8960K, reserved 1056768K
  class space    used 944K, capacity 990K, committed 1024K, reserved 1048576K
Event: 1226.312 GC heap after
Heap after GC invocations=2298 (full 0):
 PSYoungGen      total 51712K, used 13682K [0x00000000d6580000, 0x00000000dae00000, 0x0000000100000000)
  eden space 32256K, 0% used [0x00000000d6580000,0x00000000d6580000,0x00000000d8500000)
  from space 19456K, 70% used [0x00000000d9980000,0x00000000da6dca50,0x00000000dac80000)
  to   space 20992K, 0% used [0x00000000d8500000,0x00000000d8500000,0x00000000d9980000)
 ParOldGen       total 522752K, used 299435K [0x0000000083000000, 0x00000000a2e80000, 0x00000000d6580000)
  object space 522752K, 57% used [0x0000000083000000,0x000000009546ada0,0x00000000a2e80000)
 Metaspace       used 8761K, capacity 8848K, committed 8960K, reserved 1056768K
  class space    used 944K, capacity 990K, committed 1024K, reserved 1048576K
}
Event: 1226.863 GC heap before
{Heap before GC invocations=2299 (full 0):
 PSYoungGen      total 51712K, used 45938K [0x00000000d6580000, 0x00000000dae00000, 0x0000000100000000)
  eden space 32256K, 100% used [0x00000000d6580000,0x00000000d8500000,0x00000000d8500000)
  from space 19456K, 70% used [0x00000000d9980000,0x00000000da6dca50,0x00000000dac80000)
  to   space 20992K, 0% used [0x00000000d8500000,0x00000000d8500000,0x00000000d9980000)
 ParOldGen       total 522752K, used 299435K [0x0000000083000000, 0x00000000a2e80000, 0x00000000d6580000)
  object space 522752K, 57% used [0x0000000083000000,0x000000009546ada0,0x00000000a2e80000)
 Metaspace       used 8761K, capacity 8848K, committed 8960K, reserved 1056768K
  class space    used 944K, capacity 990K, committed 1024K, reserved 1048576K
Event: 1226.866 GC heap after
Heap after GC invocations=2299 (full 0):
 PSYoungGen      total 34816K, used 3939K [0x00000000d6580000, 0x00000000daa80000, 0x0000000100000000)
  eden space 30720K, 0% used [0x00000000d6580000,0x00000000d6580000,0x00000000d8380000)
  from space 4096K, 96% used [0x00000000d8500000,0x00000000d88d8c98,0x00000000d8900000)
  to   space 19968K, 0% used [0x00000000d9700000,0x00000000d9700000,0x00000000daa80000)
 ParOldGen       total 522752K, used 299451K [0x0000000083000000, 0x00000000a2e80000, 0x00000000d6580000)
  object space 522752K, 57% used [0x0000000083000000,0x000000009546eda0,0x00000000a2e80000)
 Metaspace       used 8761K, capacity 8848K, committed 8960K, reserved 1056768K
  class space    used 944K, capacity 990K, committed 1024K, reserved 1048576K
}
Event: 1227.581 GC heap before
{Heap before GC invocations=2300 (full 0):
 PSYoungGen      total 34816K, used 33808K [0x00000000d6580000, 0x00000000daa80000, 0x0000000100000000)
  eden space 30720K, 97% used [0x00000000d6580000,0x00000000d82ab5e0,0x00000000d8380000)
  from space 4096K, 96% used [0x00000000d8500000,0x00000000d88d8c98,0x00000000d8900000)
  to   space 19968K, 0% used [0x00000000d9700000,0x00000000d9700000,0x00000000daa80000)
 ParOldGen       total 522752K, used 299451K [0x0000000083000000, 0x00000000a2e80000, 0x00000000d6580000)
  object space 522752K, 57% used [0x0000000083000000,0x000000009546eda0,0x00000000a2e80000)
 Metaspace       used 8761K, capacity 8848K, committed 8960K, reserved 1056768K
  class space    used 944K, capacity 990K, committed 1024K, reserved 1048576K
Event: 1227.586 GC heap after
Heap after GC invocations=2300 (full 0):
 PSYoungGen      total 49664K, used 11760K [0x00000000d6580000, 0x00000000daa80000, 0x0000000100000000)
  eden space 29696K, 0% used [0x00000000d6580000,0x00000000d6580000,0x00000000d8280000)
  from space 19968K, 58% used [0x00000000d9700000,0x00000000da27c3c8,0x00000000daa80000)
  to   space 20480K, 0% used [0x00000000d8280000,0x00000000d8280000,0x00000000d9680000)
 ParOldGen       total 522752K, used 299467K [0x0000000083000000, 0x00000000a2e80000, 0x00000000d6580000)
  object space 522752K, 57% used [0x0000000083000000,0x0000000095472da0,0x00000000a2e80000)
 Metaspace       used 8761K, capacity 8848K, committed 8960K, reserved 1056768K
  class space    used 944K, capacity 990K, committed 1024K, reserved 1048576K
}

