# JRE version: Java(TM) SE Runtime Environment (8.0_11-b12) (build 1.8.0_11-b12)
# Java VM: Java HotSpot(TM) 64-Bit Server VM (25.11-b03 mixed mode windows-amd64 compressed oops)
Heap:
 PSYoungGen      total 116736K, used 19543K [0x000000076ab00000, 0x0000000772500000, 0x00000007c0000000)
  eden space 109568K, 17% used [0x000000076ab00000,0x000000076bdcdd58,0x0000000771600000)
  from space 7168K, 4% used [0x0000000771e00000,0x0000000771e48000,0x0000000772500000)
  to   space 7680K, 0% used [0x0000000771600000,0x0000000771600000,0x0000000771d80000)
 ParOldGen       total 64000K, used 42612K [0x00000006c0000000, 0x00000006c3e80000, 0x000000076ab00000)
  object space 64000K, 66% used [0x00000006c0000000,0x00000006c299d088,0x00000006c3e80000)
 Metaspace       used 11224K, capacity 11292K, committed 11648K, reserved 1058816K
  class space    used 1263K, capacity 1310K, committed 1408K, reserved 1048576K
GC Heap History (10 events):
Event: 4.518 GC heap before
{Heap before GC invocations=22 (full 0):
 PSYoungGen      total 52736K, used 43246K [0x000000076ab00000, 0x000000076f880000, 0x00000007c0000000)
  eden space 42496K, 100% used [0x000000076ab00000,0x000000076d480000,0x000000076d480000)
  from space 10240K, 7% used [0x000000076d480000,0x000000076d53bac0,0x000000076de80000)
  to   space 9728K, 0% used [0x000000076ef00000,0x000000076ef00000,0x000000076f880000)
 ParOldGen       total 64000K, used 42116K [0x00000006c0000000, 0x00000006c3e80000, 0x000000076ab00000)
  object space 64000K, 65% used [0x00000006c0000000,0x00000006c29212b0,0x00000006c3e80000)
 Metaspace       used 11077K, capacity 11164K, committed 11392K, reserved 1058816K
  class space    used 1258K, capacity 1310K, committed 1408K, reserved 1048576K
Event: 4.521 GC heap after
Heap after GC invocations=22 (full 0):
 PSYoungGen      total 68608K, used 291K [0x000000076ab00000, 0x000000076f780000, 0x00000007c0000000)
  eden space 59904K, 0% used [0x000000076ab00000,0x000000076ab00000,0x000000076e580000)
  from space 8704K, 3% used [0x000000076ef00000,0x000000076ef48f18,0x000000076f780000)
  to   space 9216K, 0% used [0x000000076e580000,0x000000076e580000,0x000000076ee80000)
 ParOldGen       total 64000K, used 42357K [0x00000006c0000000, 0x00000006c3e80000, 0x000000076ab00000)
  object space 64000K, 66% used [0x00000006c0000000,0x00000006c295d550,0x00000006c3e80000)
 Metaspace       used 11077K, capacity 11164K, committed 11392K, reserved 1058816K
  class space    used 1258K, capacity 1310K, committed 1408K, reserved 1048576K
}
Event: 4.759 GC heap before
{Heap before GC invocations=23 (full 0):
 PSYoungGen      total 68608K, used 60195K [0x000000076ab00000, 0x000000076f780000, 0x00000007c0000000)
  eden space 59904K, 100% used [0x000000076ab00000,0x000000076e580000,0x000000076e580000)
  from space 8704K, 3% used [0x000000076ef00000,0x000000076ef48f18,0x000000076f780000)
  to   space 9216K, 0% used [0x000000076e580000,0x000000076e580000,0x000000076ee80000)
 ParOldGen       total 64000K, used 42357K [0x00000006c0000000, 0x00000006c3e80000, 0x000000076ab00000)
  object space 64000K, 66% used [0x00000006c0000000,0x00000006c295d550,0x00000006c3e80000)
 Metaspace       used 11109K, capacity 11228K, committed 11392K, reserved 1058816K
  class space    used 1258K, capacity 1310K, committed 1408K, reserved 1048576K
Event: 4.763 GC heap after
Heap after GC invocations=23 (full 0):
 PSYoungGen      total 69120K, used 1533K [0x000000076ab00000, 0x0000000770e00000, 0x00000007c0000000)
  eden space 59904K, 0% used [0x000000076ab00000,0x000000076ab00000,0x000000076e580000)
  from space 9216K, 16% used [0x000000076e580000,0x000000076e6ff4c8,0x000000076ee80000)
  to   space 8704K, 0% used [0x0000000770580000,0x0000000770580000,0x0000000770e00000)
 ParOldGen       total 64000K, used 42441K [0x00000006c0000000, 0x00000006c3e80000, 0x000000076ab00000)
  object space 64000K, 66% used [0x00000006c0000000,0x00000006c2972468,0x00000006c3e80000)
 Metaspace       used 11109K, capacity 11228K, committed 11392K, reserved 1058816K
  class space    used 1258K, capacity 1310K, committed 1408K, reserved 1048576K
}
Event: 5.097 GC heap before
{Heap before GC invocations=24 (full 0):
 PSYoungGen      total 69120K, used 61437K [0x000000076ab00000, 0x0000000770e00000, 0x00000007c0000000)
  eden space 59904K, 100% used [0x000000076ab00000,0x000000076e580000,0x000000076e580000)
  from space 9216K, 16% used [0x000000076e580000,0x000000076e6ff4c8,0x000000076ee80000)
  to   space 8704K, 0% used [0x0000000770580000,0x0000000770580000,0x0000000770e00000)
 ParOldGen       total 64000K, used 42441K [0x00000006c0000000, 0x00000006c3e80000, 0x000000076ab00000)
  object space 64000K, 66% used [0x00000006c0000000,0x00000006c2972468,0x00000006c3e80000)
 Metaspace       used 11124K, capacity 11292K, committed 11648K, reserved 1058816K
  class space    used 1258K, capacity 1310K, committed 1408K, reserved 1048576K
Event: 5.102 GC heap after
Heap after GC invocations=24 (full 0):
 PSYoungGen      total 92672K, used 253K [0x000000076ab00000, 0x0000000770e00000, 0x00000007c0000000)
  eden space 83968K, 0% used [0x000000076ab00000,0x000000076ab00000,0x000000076fd00000)
  from space 8704K, 2% used [0x0000000770580000,0x00000007705bf400,0x0000000770e00000)
  to   space 8704K, 0% used [0x000000076fd00000,0x000000076fd00000,0x0000000770580000)
 ParOldGen       total 64000K, used 42512K [0x00000006c0000000, 0x00000006c3e80000, 0x000000076ab00000)
  object space 64000K, 66% used [0x00000006c0000000,0x00000006c2984248,0x00000006c3e80000)
 Metaspace       used 11124K, capacity 11292K, committed 11648K, reserved 1058816K
  class space    used 1258K, capacity 1310K, committed 1408K, reserved 1048576K
}
Event: 5.483 GC heap before
{Heap before GC invocations=25 (full 0):
 PSYoungGen      total 92672K, used 84221K [0x000000076ab00000, 0x0000000770e00000, 0x00000007c0000000)
  eden space 83968K, 100% used [0x000000076ab00000,0x000000076fd00000,0x000000076fd00000)
  from space 8704K, 2% used [0x0000000770580000,0x00000007705bf400,0x0000000770e00000)
  to   space 8704K, 0% used [0x000000076fd00000,0x000000076fd00000,0x0000000770580000)
 ParOldGen       total 64000K, used 42512K [0x00000006c0000000, 0x00000006c3e80000, 0x000000076ab00000)
  object space 64000K, 66% used [0x00000006c0000000,0x00000006c2984248,0x00000006c3e80000)
 Metaspace       used 11157K, capacity 11292K, committed 11648K, reserved 1058816K
  class space    used 1258K, capacity 1310K, committed 1408K, reserved 1048576K
Event: 5.489 GC heap after
Heap after GC invocations=25 (full 0):
 PSYoungGen      total 92672K, used 1693K [0x000000076ab00000, 0x0000000772600000, 0x00000007c0000000)
  eden space 83968K, 0% used [0x000000076ab00000,0x000000076ab00000,0x000000076fd00000)
  from space 8704K, 19% used [0x000000076fd00000,0x000000076fea76b8,0x0000000770580000)
  to   space 8192K, 0% used [0x0000000771e00000,0x0000000771e00000,0x0000000772600000)
 ParOldGen       total 64000K, used 42557K [0x00000006c0000000, 0x00000006c3e80000, 0x000000076ab00000)
  object space 64000K, 66% used [0x00000006c0000000,0x00000006c298f648,0x00000006c3e80000)
 Metaspace       used 11157K, capacity 11292K, committed 11648K, reserved 1058816K
  class space    used 1258K, capacity 1310K, committed 1408K, reserved 1048576K
}
Event: 5.726 GC heap before
{Heap before GC invocations=26 (full 0):
 PSYoungGen      total 92672K, used 85661K [0x000000076ab00000, 0x0000000772600000, 0x00000007c0000000)
  eden space 83968K, 100% used [0x000000076ab00000,0x000000076fd00000,0x000000076fd00000)
  from space 8704K, 19% used [0x000000076fd00000,0x000000076fea76b8,0x0000000770580000)
  to   space 8192K, 0% used [0x0000000771e00000,0x0000000771e00000,0x0000000772600000)
 ParOldGen       total 64000K, used 42557K [0x00000006c0000000, 0x00000006c3e80000, 0x000000076ab00000)
  object space 64000K, 66% used [0x00000006c0000000,0x00000006c298f648,0x00000006c3e80000)
 Metaspace       used 11180K, capacity 11292K, committed 11648K, reserved 1058816K
  class space    used 1258K, capacity 1310K, committed 1408K, reserved 1048576K
Event: 5.727 GC heap after
Heap after GC invocations=26 (full 0):
 PSYoungGen      total 116736K, used 288K [0x000000076ab00000, 0x0000000772500000, 0x00000007c0000000)
  eden space 109568K, 0% used [0x000000076ab00000,0x000000076ab00000,0x0000000771600000)
  from space 7168K, 4% used [0x0000000771e00000,0x0000000771e48000,0x0000000772500000)
  to   space 7680K, 0% used [0x0000000771600000,0x0000000771600000,0x0000000771d80000)
 ParOldGen       total 64000K, used 42612K [0x00000006c0000000, 0x00000006c3e80000, 0x000000076ab00000)
  object space 64000K, 66% used [0x00000006c0000000,0x00000006c299d088,0x00000006c3e80000)
 Metaspace       used 11180K, capacity 11292K, committed 11648K, reserved 1058816K
  class space    used 1258K, capacity 1310K, committed 1408K, reserved 1048576K
}

