# JRE version: Java(TM) SE Runtime Environment (8.0_11-b12) (build 1.8.0_11-b12)
# Java VM: Java HotSpot(TM) 64-Bit Server VM (25.11-b03 mixed mode windows-amd64 compressed oops)
Heap:
 PSYoungGen      total 75264K, used 12114K [0x00000000d6580000, 0x00000000dc900000, 0x0000000100000000)
  eden space 50176K, 5% used [0x00000000d6580000,0x00000000d67f6900,0x00000000d9680000)
  from space 25088K, 38% used [0x00000000d9680000,0x00000000d9fddf50,0x00000000daf00000)
  to   space 23552K, 0% used [0x00000000daf00000,0x00000000daf00000,0x00000000dc600000)
 ParOldGen       total 522752K, used 226936K [0x0000000083000000, 0x00000000a2e80000, 0x00000000d6580000)
  object space 522752K, 43% used [0x0000000083000000,0x0000000090d9e078,0x00000000a2e80000)
 Metaspace       used 9081K, capacity 9200K, committed 9216K, reserved 1056768K
  class space    used 980K, capacity 1022K, committed 1024K, reserved 1048576K
GC Heap History (10 events):
Event: 1075.450 GC heap before
{Heap before GC invocations=2121 (full 0):
 PSYoungGen      total 58368K, used 47541K [0x00000000d6580000, 0x00000000db200000, 0x0000000100000000)
  eden space 38400K, 99% used [0x00000000d6580000,0x00000000d8af1128,0x00000000d8b00000)
  from space 19968K, 46% used [0x00000000d9e80000,0x00000000da77c698,0x00000000db200000)
  to   space 19968K, 0% used [0x00000000d8b00000,0x00000000d8b00000,0x00000000d9e80000)
 ParOldGen       total 522752K, used 226856K [0x0000000083000000, 0x00000000a2e80000, 0x00000000d6580000)
  object space 522752K, 43% used [0x0000000083000000,0x0000000090d8a078,0x00000000a2e80000)
 Metaspace       used 8755K, capacity 8848K, committed 8960K, reserved 1056768K
  class space    used 943K, capacity 990K, committed 1024K, reserved 1048576K
Event: 1075.452 GC heap after
Heap after GC invocations=2121 (full 0):
 PSYoungGen      total 58368K, used 3663K [0x00000000d6580000, 0x00000000db780000, 0x0000000100000000)
  eden space 38400K, 0% used [0x00000000d6580000,0x00000000d6580000,0x00000000d8b00000)
  from space 19968K, 18% used [0x00000000d8b00000,0x00000000d8e93d48,0x00000000d9e80000)
  to   space 18944K, 0% used [0x00000000da500000,0x00000000da500000,0x00000000db780000)
 ParOldGen       total 522752K, used 226864K [0x0000000083000000, 0x00000000a2e80000, 0x00000000d6580000)
  object space 522752K, 43% used [0x0000000083000000,0x0000000090d8c078,0x00000000a2e80000)
 Metaspace       used 8755K, capacity 8848K, committed 8960K, reserved 1056768K
  class space    used 943K, capacity 990K, committed 1024K, reserved 1048576K
}
Event: 1075.638 GC heap before
{Heap before GC invocations=2122 (full 0):
 PSYoungGen      total 58368K, used 42063K [0x00000000d6580000, 0x00000000db780000, 0x0000000100000000)
  eden space 38400K, 100% used [0x00000000d6580000,0x00000000d8b00000,0x00000000d8b00000)
  from space 19968K, 18% used [0x00000000d8b00000,0x00000000d8e93d48,0x00000000d9e80000)
  to   space 18944K, 0% used [0x00000000da500000,0x00000000da500000,0x00000000db780000)
 ParOldGen       total 522752K, used 226864K [0x0000000083000000, 0x00000000a2e80000, 0x00000000d6580000)
  object space 522752K, 43% used [0x0000000083000000,0x0000000090d8c078,0x00000000a2e80000)
 Metaspace       used 8755K, capacity 8848K, committed 8960K, reserved 1056768K
  class space    used 943K, capacity 990K, committed 1024K, reserved 1048576K
Event: 1075.646 GC heap after
Heap after GC invocations=2122 (full 0):
 PSYoungGen      total 61952K, used 18269K [0x00000000d6580000, 0x00000000dbd80000, 0x0000000100000000)
  eden space 43008K, 0% used [0x00000000d6580000,0x00000000d6580000,0x00000000d8f80000)
  from space 18944K, 96% used [0x00000000da500000,0x00000000db6d74e0,0x00000000db780000)
  to   space 22016K, 0% used [0x00000000d8f80000,0x00000000d8f80000,0x00000000da500000)
 ParOldGen       total 522752K, used 226872K [0x0000000083000000, 0x00000000a2e80000, 0x00000000d6580000)
  object space 522752K, 43% used [0x0000000083000000,0x0000000090d8e078,0x00000000a2e80000)
 Metaspace       used 8755K, capacity 8848K, committed 8960K, reserved 1056768K
  class space    used 943K, capacity 990K, committed 1024K, reserved 1048576K
}
Event: 1076.411 GC heap before
{Heap before GC invocations=2123 (full 0):
 PSYoungGen      total 61952K, used 60547K [0x00000000d6580000, 0x00000000dbd80000, 0x0000000100000000)
  eden space 43008K, 98% used [0x00000000d6580000,0x00000000d8ec9a60,0x00000000d8f80000)
  from space 18944K, 96% used [0x00000000da500000,0x00000000db6d74e0,0x00000000db780000)
  to   space 22016K, 0% used [0x00000000d8f80000,0x00000000d8f80000,0x00000000da500000)
 ParOldGen       total 522752K, used 226872K [0x0000000083000000, 0x00000000a2e80000, 0x00000000d6580000)
  object space 522752K, 43% used [0x0000000083000000,0x0000000090d8e078,0x00000000a2e80000)
 Metaspace       used 8755K, capacity 8848K, committed 8960K, reserved 1056768K
  class space    used 943K, capacity 990K, committed 1024K, reserved 1048576K
Event: 1076.417 GC heap after
Heap after GC invocations=2123 (full 0):
 PSYoungGen      total 65024K, used 16011K [0x00000000d6580000, 0x00000000dc600000, 0x0000000100000000)
  eden space 43008K, 0% used [0x00000000d6580000,0x00000000d6580000,0x00000000d8f80000)
  from space 22016K, 72% used [0x00000000d8f80000,0x00000000d9f22d60,0x00000000da500000)
  to   space 23552K, 0% used [0x00000000daf00000,0x00000000daf00000,0x00000000dc600000)
 ParOldGen       total 522752K, used 226896K [0x0000000083000000, 0x00000000a2e80000, 0x00000000d6580000)
  object space 522752K, 43% used [0x0000000083000000,0x0000000090d94078,0x00000000a2e80000)
 Metaspace       used 8755K, capacity 8848K, committed 8960K, reserved 1056768K
  class space    used 943K, capacity 990K, committed 1024K, reserved 1048576K
}
Event: 1076.650 GC heap before
{Heap before GC invocations=2124 (full 0):
 PSYoungGen      total 65024K, used 58930K [0x00000000d6580000, 0x00000000dc600000, 0x0000000100000000)
  eden space 43008K, 99% used [0x00000000d6580000,0x00000000d8f69cf0,0x00000000d8f80000)
  from space 22016K, 72% used [0x00000000d8f80000,0x00000000d9f22d60,0x00000000da500000)
  to   space 23552K, 0% used [0x00000000daf00000,0x00000000daf00000,0x00000000dc600000)
 ParOldGen       total 522752K, used 226896K [0x0000000083000000, 0x00000000a2e80000, 0x00000000d6580000)
  object space 522752K, 43% used [0x0000000083000000,0x0000000090d94078,0x00000000a2e80000)
 Metaspace       used 8755K, capacity 8848K, committed 8960K, reserved 1056768K
  class space    used 943K, capacity 990K, committed 1024K, reserved 1048576K
Event: 1076.655 GC heap after
Heap after GC invocations=2124 (full 0):
 PSYoungGen      total 73728K, used 15588K [0x00000000d6580000, 0x00000000dc900000, 0x0000000100000000)
  eden space 50176K, 0% used [0x00000000d6580000,0x00000000d6580000,0x00000000d9680000)
  from space 23552K, 66% used [0x00000000daf00000,0x00000000dbe392d8,0x00000000dc600000)
  to   space 25088K, 0% used [0x00000000d9680000,0x00000000d9680000,0x00000000daf00000)
 ParOldGen       total 522752K, used 226920K [0x0000000083000000, 0x00000000a2e80000, 0x00000000d6580000)
  object space 522752K, 43% used [0x0000000083000000,0x0000000090d9a078,0x00000000a2e80000)
 Metaspace       used 8755K, capacity 8848K, committed 8960K, reserved 1056768K
  class space    used 943K, capacity 990K, committed 1024K, reserved 1048576K
}
Event: 1079.346 GC heap before
{Heap before GC invocations=2125 (full 0):
 PSYoungGen      total 73728K, used 64784K [0x00000000d6580000, 0x00000000dc900000, 0x0000000100000000)
  eden space 50176K, 98% used [0x00000000d6580000,0x00000000d958aff0,0x00000000d9680000)
  from space 23552K, 66% used [0x00000000daf00000,0x00000000dbe392d8,0x00000000dc600000)
  to   space 25088K, 0% used [0x00000000d9680000,0x00000000d9680000,0x00000000daf00000)
 ParOldGen       total 522752K, used 226920K [0x0000000083000000, 0x00000000a2e80000, 0x00000000d6580000)
  object space 522752K, 43% used [0x0000000083000000,0x0000000090d9a078,0x00000000a2e80000)
 Metaspace       used 9081K, capacity 9200K, committed 9216K, reserved 1056768K
  class space    used 980K, capacity 1022K, committed 1024K, reserved 1048576K
Event: 1079.351 GC heap after
Heap after GC invocations=2125 (full 0):
 PSYoungGen      total 75264K, used 9591K [0x00000000d6580000, 0x00000000dc900000, 0x0000000100000000)
  eden space 50176K, 0% used [0x00000000d6580000,0x00000000d6580000,0x00000000d9680000)
  from space 25088K, 38% used [0x00000000d9680000,0x00000000d9fddf50,0x00000000daf00000)
  to   space 23552K, 0% used [0x00000000daf00000,0x00000000daf00000,0x00000000dc600000)
 ParOldGen       total 522752K, used 226936K [0x0000000083000000, 0x00000000a2e80000, 0x00000000d6580000)
  object space 522752K, 43% used [0x0000000083000000,0x0000000090d9e078,0x00000000a2e80000)
 Metaspace       used 9081K, capacity 9200K, committed 9216K, reserved 1056768K
  class space    used 980K, capacity 1022K, committed 1024K, reserved 1048576K
}

